mode: atomic
github.com/santhosh-tekuri/jsonschema/v5/httploader/httploader.go:23.46,25.16 2 0
github.com/santhosh-tekuri/jsonschema/v5/httploader/httploader.go:25.16,27.3 1 0
github.com/santhosh-tekuri/jsonschema/v5/httploader/httploader.go:28.2,28.38 1 0
github.com/santhosh-tekuri/jsonschema/v5/httploader/httploader.go:28.38,31.3 2 0
github.com/santhosh-tekuri/jsonschema/v5/httploader/httploader.go:32.2,32.23 1 0
github.com/santhosh-tekuri/jsonschema/v5/httploader/httploader.go:35.13,38.2 2 0
github.com/santhosh-tekuri/jsonschema/v5/compiler.go:60.43,62.2 1 12
github.com/santhosh-tekuri/jsonschema/v5/compiler.go:66.38,68.2 1 2
github.com/santhosh-tekuri/jsonschema/v5/compiler.go:71.57,73.70 2 1
github.com/santhosh-tekuri/jsonschema/v5/compiler.go:73.70,75.3 1 0
github.com/santhosh-tekuri/jsonschema/v5/compiler.go:76.2,76.23 1 1
github.com/santhosh-tekuri/jsonschema/v5/compiler.go:81.52,83.70 2 1
github.com/santhosh-tekuri/jsonschema/v5/compiler.go:83.70,84.13 1 0
github.com/santhosh-tekuri/jsonschema/v5/compiler.go:86.2,86.27 1 1
github.com/santhosh-tekuri/jsonschema/v5/compiler.go:92.30,101.2 1 1650
github.com/santhosh-tekuri/jsonschema/v5/compiler.go:106.63,108.16 2 1769
github.com/santhosh-tekuri/jsonschema/v5/compiler.go:108.16,110.3 1 4
github.com/santhosh-tekuri/jsonschema/v5/compiler.go:111.2,111.36 1 1765
github.com/santhosh-tekuri/jsonschema/v5/compiler.go:115.71,117.16 2 1765
github.com/santhosh-tekuri/jsonschema/v5/compiler.go:117.16,119.3 1 0
github.com/santhosh-tekuri/jsonschema/v5/compiler.go:120.2,121.12 2 1765
github.com/santhosh-tekuri/jsonschema/v5/compiler.go:126.52,128.16 2 8
github.com/santhosh-tekuri/jsonschema/v5/compiler.go:128.16,129.45 1 1
github.com/santhosh-tekuri/jsonschema/v5/compiler.go:131.2,131.10 1 7
github.com/santhosh-tekuri/jsonschema/v5/compiler.go:138.57,141.16 2 1652
github.com/santhosh-tekuri/jsonschema/v5/compiler.go:141.16,143.3 1 1
github.com/santhosh-tekuri/jsonschema/v5/compiler.go:144.2,147.16 3 1651
github.com/santhosh-tekuri/jsonschema/v5/compiler.go:147.16,149.3 1 54
github.com/santhosh-tekuri/jsonschema/v5/compiler.go:150.2,150.17 1 1651
github.com/santhosh-tekuri/jsonschema/v5/compiler.go:153.63,156.11 2 141
github.com/santhosh-tekuri/jsonschema/v5/compiler.go:156.11,158.3 1 137
github.com/santhosh-tekuri/jsonschema/v5/compiler.go:159.2,159.10 1 141
github.com/santhosh-tekuri/jsonschema/v5/compiler.go:159.10,161.17 2 41
github.com/santhosh-tekuri/jsonschema/v5/compiler.go:161.17,163.4 1 40
github.com/santhosh-tekuri/jsonschema/v5/compiler.go:167.2,168.22 2 101
github.com/santhosh-tekuri/jsonschema/v5/compiler.go:168.22,170.3 1 2
github.com/santhosh-tekuri/jsonschema/v5/compiler.go:171.2,171.21 1 101
github.com/santhosh-tekuri/jsonschema/v5/compiler.go:175.64,176.36 1 1790
github.com/santhosh-tekuri/jsonschema/v5/compiler.go:176.36,178.17 2 141
github.com/santhosh-tekuri/jsonschema/v5/compiler.go:178.17,180.4 1 5
github.com/santhosh-tekuri/jsonschema/v5/compiler.go:181.3,182.49 2 136
github.com/santhosh-tekuri/jsonschema/v5/compiler.go:182.49,184.4 1 2
github.com/santhosh-tekuri/jsonschema/v5/compiler.go:187.2,188.20 2 1783
github.com/santhosh-tekuri/jsonschema/v5/compiler.go:188.20,190.3 1 16
github.com/santhosh-tekuri/jsonschema/v5/compiler.go:193.2,194.49 2 1767
github.com/santhosh-tekuri/jsonschema/v5/compiler.go:194.49,195.34 1 1755
github.com/santhosh-tekuri/jsonschema/v5/compiler.go:195.34,197.11 2 886
github.com/santhosh-tekuri/jsonschema/v5/compiler.go:197.11,199.5 1 1
github.com/santhosh-tekuri/jsonschema/v5/compiler.go:200.4,200.19 1 885
github.com/santhosh-tekuri/jsonschema/v5/compiler.go:200.19,202.5 1 1
github.com/santhosh-tekuri/jsonschema/v5/compiler.go:203.4,204.22 2 884
github.com/santhosh-tekuri/jsonschema/v5/compiler.go:204.22,206.19 2 10
github.com/santhosh-tekuri/jsonschema/v5/compiler.go:206.19,208.6 1 1
github.com/santhosh-tekuri/jsonschema/v5/compiler.go:209.5,210.19 2 9
github.com/santhosh-tekuri/jsonschema/v5/compiler.go:210.19,212.6 1 1
github.com/santhosh-tekuri/jsonschema/v5/compiler.go:213.5,213.23 1 8
github.com/santhosh-tekuri/jsonschema/v5/compiler.go:218.2,219.16 2 1763
github.com/santhosh-tekuri/jsonschema/v5/compiler.go:219.16,222.3 2 0
github.com/santhosh-tekuri/jsonschema/v5/compiler.go:223.2,223.14 1 1763
github.com/santhosh-tekuri/jsonschema/v5/compiler.go:223.14,225.3 1 196
github.com/santhosh-tekuri/jsonschema/v5/compiler.go:227.2,227.47 1 1763
github.com/santhosh-tekuri/jsonschema/v5/compiler.go:227.47,231.3 3 26
github.com/santhosh-tekuri/jsonschema/v5/compiler.go:233.2,233.15 1 1737
github.com/santhosh-tekuri/jsonschema/v5/compiler.go:236.91,237.27 1 1802
github.com/santhosh-tekuri/jsonschema/v5/compiler.go:237.27,239.53 1 1790
github.com/santhosh-tekuri/jsonschema/v5/compiler.go:239.53,241.4 1 21
github.com/santhosh-tekuri/jsonschema/v5/compiler.go:244.2,246.16 3 1781
github.com/santhosh-tekuri/jsonschema/v5/compiler.go:246.16,248.3 1 36
github.com/santhosh-tekuri/jsonschema/v5/compiler.go:249.2,249.42 1 1745
github.com/santhosh-tekuri/jsonschema/v5/compiler.go:252.122,255.16 3 5388
github.com/santhosh-tekuri/jsonschema/v5/compiler.go:255.16,257.3 1 0
github.com/santhosh-tekuri/jsonschema/v5/compiler.go:259.2,261.15 3 5388
github.com/santhosh-tekuri/jsonschema/v5/compiler.go:261.15,264.3 1 151
github.com/santhosh-tekuri/jsonschema/v5/compiler.go:268.2,268.21 1 5237
github.com/santhosh-tekuri/jsonschema/v5/compiler.go:268.21,270.82 2 1736
github.com/santhosh-tekuri/jsonschema/v5/compiler.go:270.82,273.4 2 24
github.com/santhosh-tekuri/jsonschema/v5/compiler.go:276.2,277.16 2 5213
github.com/santhosh-tekuri/jsonschema/v5/compiler.go:277.16,279.3 1 1
github.com/santhosh-tekuri/jsonschema/v5/compiler.go:280.2,280.15 1 5212
github.com/santhosh-tekuri/jsonschema/v5/compiler.go:280.15,282.3 1 15
github.com/santhosh-tekuri/jsonschema/v5/compiler.go:284.2,284.22 1 5197
github.com/santhosh-tekuri/jsonschema/v5/compiler.go:284.22,285.79 1 2104
github.com/santhosh-tekuri/jsonschema/v5/compiler.go:285.79,287.4 1 1
github.com/santhosh-tekuri/jsonschema/v5/compiler.go:288.3,288.24 1 2103
github.com/santhosh-tekuri/jsonschema/v5/compiler.go:291.2,293.16 3 3093
github.com/santhosh-tekuri/jsonschema/v5/compiler.go:293.16,295.3 1 30
github.com/santhosh-tekuri/jsonschema/v5/compiler.go:296.2,296.17 1 3093
github.com/santhosh-tekuri/jsonschema/v5/compiler.go:299.76,300.28 1 4829
github.com/santhosh-tekuri/jsonschema/v5/compiler.go:300.28,302.3 1 3183
github.com/santhosh-tekuri/jsonschema/v5/compiler.go:304.2,306.24 3 1646
github.com/santhosh-tekuri/jsonschema/v5/compiler.go:306.24,307.51 1 3144
github.com/santhosh-tekuri/jsonschema/v5/compiler.go:307.51,308.40 1 2664
github.com/santhosh-tekuri/jsonschema/v5/compiler.go:308.40,310.19 2 100
github.com/santhosh-tekuri/jsonschema/v5/compiler.go:310.19,312.6 1 0
github.com/santhosh-tekuri/jsonschema/v5/compiler.go:313.5,313.71 1 100
github.com/santhosh-tekuri/jsonschema/v5/compiler.go:317.2,317.12 1 1646
github.com/santhosh-tekuri/jsonschema/v5/compiler.go:320.108,321.56 1 4829
github.com/santhosh-tekuri/jsonschema/v5/compiler.go:321.56,323.3 1 0
github.com/santhosh-tekuri/jsonschema/v5/compiler.go:325.2,325.29 1 4829
github.com/santhosh-tekuri/jsonschema/v5/compiler.go:326.12,328.25 2 461
github.com/santhosh-tekuri/jsonschema/v5/compiler.go:329.10,330.55 1 4368
github.com/santhosh-tekuri/jsonschema/v5/compiler.go:334.100,337.47 2 4368
github.com/santhosh-tekuri/jsonschema/v5/compiler.go:337.47,339.3 1 0
github.com/santhosh-tekuri/jsonschema/v5/compiler.go:340.2,345.14 4 4368
github.com/santhosh-tekuri/jsonschema/v5/compiler.go:345.14,346.34 1 1728
github.com/santhosh-tekuri/jsonschema/v5/compiler.go:346.34,348.37 2 880
github.com/santhosh-tekuri/jsonschema/v5/compiler.go:348.37,350.5 1 872
github.com/santhosh-tekuri/jsonschema/v5/compiler.go:350.10,351.78 1 8
github.com/santhosh-tekuri/jsonschema/v5/compiler.go:351.78,353.6 1 0
github.com/santhosh-tekuri/jsonschema/v5/compiler.go:358.2,358.30 1 4368
github.com/santhosh-tekuri/jsonschema/v5/compiler.go:358.30,360.17 2 725
github.com/santhosh-tekuri/jsonschema/v5/compiler.go:360.17,362.4 1 32
github.com/santhosh-tekuri/jsonschema/v5/compiler.go:363.3,363.29 1 693
github.com/santhosh-tekuri/jsonschema/v5/compiler.go:363.29,366.4 1 268
github.com/santhosh-tekuri/jsonschema/v5/compiler.go:369.2,369.29 1 4068
github.com/santhosh-tekuri/jsonschema/v5/compiler.go:369.29,370.15 1 2560
github.com/santhosh-tekuri/jsonschema/v5/compiler.go:370.15,371.41 1 945
github.com/santhosh-tekuri/jsonschema/v5/compiler.go:371.41,372.59 1 45
github.com/santhosh-tekuri/jsonschema/v5/compiler.go:372.59,373.46 1 71
github.com/santhosh-tekuri/jsonschema/v5/compiler.go:373.46,374.15 1 4
github.com/santhosh-tekuri/jsonschema/v5/compiler.go:376.6,376.31 1 67
github.com/santhosh-tekuri/jsonschema/v5/compiler.go:376.31,378.7 1 1
github.com/santhosh-tekuri/jsonschema/v5/compiler.go:379.6,379.36 1 66
github.com/santhosh-tekuri/jsonschema/v5/compiler.go:381.10,383.5 1 900
github.com/santhosh-tekuri/jsonschema/v5/compiler.go:386.3,386.40 1 2559
github.com/santhosh-tekuri/jsonschema/v5/compiler.go:386.40,388.18 2 45
github.com/santhosh-tekuri/jsonschema/v5/compiler.go:388.18,390.5 1 0
github.com/santhosh-tekuri/jsonschema/v5/compiler.go:393.2,393.29 1 4067
github.com/santhosh-tekuri/jsonschema/v5/compiler.go:393.29,394.39 1 1427
github.com/santhosh-tekuri/jsonschema/v5/compiler.go:394.39,396.18 2 70
github.com/santhosh-tekuri/jsonschema/v5/compiler.go:396.18,398.5 1 0
github.com/santhosh-tekuri/jsonschema/v5/compiler.go:399.4,399.37 1 70
github.com/santhosh-tekuri/jsonschema/v5/compiler.go:399.37,401.54 2 70
github.com/santhosh-tekuri/jsonschema/v5/compiler.go:401.54,404.6 1 68
github.com/santhosh-tekuri/jsonschema/v5/compiler.go:409.2,409.36 1 4067
github.com/santhosh-tekuri/jsonschema/v5/compiler.go:409.36,410.30 1 29464
github.com/santhosh-tekuri/jsonschema/v5/compiler.go:410.30,413.4 2 171
github.com/santhosh-tekuri/jsonschema/v5/compiler.go:414.3,414.12 1 29293
github.com/santhosh-tekuri/jsonschema/v5/compiler.go:417.2,417.41 1 4067
github.com/santhosh-tekuri/jsonschema/v5/compiler.go:417.41,418.30 1 12216
github.com/santhosh-tekuri/jsonschema/v5/compiler.go:418.30,421.4 2 194
github.com/santhosh-tekuri/jsonschema/v5/compiler.go:422.3,422.13 1 12022
github.com/santhosh-tekuri/jsonschema/v5/compiler.go:425.2,425.68 1 4067
github.com/santhosh-tekuri/jsonschema/v5/compiler.go:425.68,426.29 1 4060
github.com/santhosh-tekuri/jsonschema/v5/compiler.go:426.29,427.25 1 1434
github.com/santhosh-tekuri/jsonschema/v5/compiler.go:428.16,429.26 1 1368
github.com/santhosh-tekuri/jsonschema/v5/compiler.go:430.23,431.27 1 66
github.com/santhosh-tekuri/jsonschema/v5/compiler.go:435.3,435.29 1 4060
github.com/santhosh-tekuri/jsonschema/v5/compiler.go:435.29,438.32 3 77
github.com/santhosh-tekuri/jsonschema/v5/compiler.go:438.32,439.27 1 166
github.com/santhosh-tekuri/jsonschema/v5/compiler.go:440.28,441.27 1 24
github.com/santhosh-tekuri/jsonschema/v5/compiler.go:444.4,445.21 2 77
github.com/santhosh-tekuri/jsonschema/v5/compiler.go:445.21,446.25 1 59
github.com/santhosh-tekuri/jsonschema/v5/compiler.go:446.25,448.6 1 36
github.com/santhosh-tekuri/jsonschema/v5/compiler.go:448.11,450.34 2 23
github.com/santhosh-tekuri/jsonschema/v5/compiler.go:450.34,452.7 1 91
github.com/santhosh-tekuri/jsonschema/v5/compiler.go:453.6,453.87 1 23
github.com/santhosh-tekuri/jsonschema/v5/compiler.go:458.3,459.49 2 4060
github.com/santhosh-tekuri/jsonschema/v5/compiler.go:459.49,460.45 1 20
github.com/santhosh-tekuri/jsonschema/v5/compiler.go:460.45,461.18 1 4
github.com/santhosh-tekuri/jsonschema/v5/compiler.go:461.18,463.6 1 3
github.com/santhosh-tekuri/jsonschema/v5/compiler.go:464.10,466.5 1 16
github.com/santhosh-tekuri/jsonschema/v5/compiler.go:469.3,470.49 2 4060
github.com/santhosh-tekuri/jsonschema/v5/compiler.go:470.49,471.45 1 23
github.com/santhosh-tekuri/jsonschema/v5/compiler.go:471.45,472.18 1 3
github.com/santhosh-tekuri/jsonschema/v5/compiler.go:472.18,474.6 1 2
github.com/santhosh-tekuri/jsonschema/v5/compiler.go:475.10,477.5 1 20
github.com/santhosh-tekuri/jsonschema/v5/compiler.go:480.3,484.35 3 4060
github.com/santhosh-tekuri/jsonschema/v5/compiler.go:484.35,486.4 1 168
github.com/santhosh-tekuri/jsonschema/v5/compiler.go:488.3,490.41 2 4060
github.com/santhosh-tekuri/jsonschema/v5/compiler.go:490.41,492.4 1 49
github.com/santhosh-tekuri/jsonschema/v5/compiler.go:494.3,496.38 2 4060
github.com/santhosh-tekuri/jsonschema/v5/compiler.go:496.38,498.4 1 96
github.com/santhosh-tekuri/jsonschema/v5/compiler.go:500.3,500.30 1 4060
github.com/santhosh-tekuri/jsonschema/v5/compiler.go:500.30,502.27 2 2552
github.com/santhosh-tekuri/jsonschema/v5/compiler.go:502.27,504.5 1 2534
github.com/santhosh-tekuri/jsonschema/v5/compiler.go:506.4,506.46 1 2552
github.com/santhosh-tekuri/jsonschema/v5/compiler.go:506.46,509.37 3 9
github.com/santhosh-tekuri/jsonschema/v5/compiler.go:509.37,511.6 1 11
github.com/santhosh-tekuri/jsonschema/v5/compiler.go:516.2,516.66 1 4067
github.com/santhosh-tekuri/jsonschema/v5/compiler.go:516.66,518.3 1 2695
github.com/santhosh-tekuri/jsonschema/v5/compiler.go:520.2,520.71 1 4067
github.com/santhosh-tekuri/jsonschema/v5/compiler.go:520.71,521.28 1 17994
github.com/santhosh-tekuri/jsonschema/v5/compiler.go:521.28,523.4 1 475
github.com/santhosh-tekuri/jsonschema/v5/compiler.go:524.3,524.18 1 17519
github.com/santhosh-tekuri/jsonschema/v5/compiler.go:527.2,527.74 1 4067
github.com/santhosh-tekuri/jsonschema/v5/compiler.go:527.74,528.33 1 13668
github.com/santhosh-tekuri/jsonschema/v5/compiler.go:528.33,531.26 3 527
github.com/santhosh-tekuri/jsonschema/v5/compiler.go:531.26,533.19 2 902
github.com/santhosh-tekuri/jsonschema/v5/compiler.go:533.19,535.6 1 6
github.com/santhosh-tekuri/jsonschema/v5/compiler.go:536.5,536.21 1 896
github.com/santhosh-tekuri/jsonschema/v5/compiler.go:538.4,538.23 1 521
github.com/santhosh-tekuri/jsonschema/v5/compiler.go:540.3,540.18 1 13141
github.com/santhosh-tekuri/jsonschema/v5/compiler.go:543.2,543.68 1 4067
github.com/santhosh-tekuri/jsonschema/v5/compiler.go:543.68,544.56 1 4062
github.com/santhosh-tekuri/jsonschema/v5/compiler.go:544.56,546.4 1 2
github.com/santhosh-tekuri/jsonschema/v5/compiler.go:547.3,547.61 1 4060
github.com/santhosh-tekuri/jsonschema/v5/compiler.go:547.61,549.4 1 2
github.com/santhosh-tekuri/jsonschema/v5/compiler.go:550.3,550.61 1 4058
github.com/santhosh-tekuri/jsonschema/v5/compiler.go:550.61,552.4 1 2
github.com/santhosh-tekuri/jsonschema/v5/compiler.go:553.3,553.61 1 4056
github.com/santhosh-tekuri/jsonschema/v5/compiler.go:553.61,555.4 1 2
github.com/santhosh-tekuri/jsonschema/v5/compiler.go:557.3,557.39 1 4054
github.com/santhosh-tekuri/jsonschema/v5/compiler.go:557.39,560.29 3 481
github.com/santhosh-tekuri/jsonschema/v5/compiler.go:560.29,562.19 2 998
github.com/santhosh-tekuri/jsonschema/v5/compiler.go:562.19,564.6 1 1
github.com/santhosh-tekuri/jsonschema/v5/compiler.go:568.3,568.49 1 4053
github.com/santhosh-tekuri/jsonschema/v5/compiler.go:568.49,570.25 2 2
github.com/santhosh-tekuri/jsonschema/v5/compiler.go:570.25,572.5 1 2
github.com/santhosh-tekuri/jsonschema/v5/compiler.go:575.3,575.53 1 4053
github.com/santhosh-tekuri/jsonschema/v5/compiler.go:575.53,578.38 3 68
github.com/santhosh-tekuri/jsonschema/v5/compiler.go:578.38,580.19 2 82
github.com/santhosh-tekuri/jsonschema/v5/compiler.go:580.19,582.6 1 1
github.com/santhosh-tekuri/jsonschema/v5/compiler.go:586.3,586.59 1 4052
github.com/santhosh-tekuri/jsonschema/v5/compiler.go:586.59,587.53 1 145
github.com/santhosh-tekuri/jsonschema/v5/compiler.go:588.14,589.45 1 46
github.com/santhosh-tekuri/jsonschema/v5/compiler.go:590.32,592.19 2 99
github.com/santhosh-tekuri/jsonschema/v5/compiler.go:592.19,594.6 1 1
github.com/santhosh-tekuri/jsonschema/v5/compiler.go:598.3,598.40 1 4051
github.com/santhosh-tekuri/jsonschema/v5/compiler.go:598.40,601.36 3 37
github.com/santhosh-tekuri/jsonschema/v5/compiler.go:601.36,602.36 1 55
github.com/santhosh-tekuri/jsonschema/v5/compiler.go:603.24,604.47 1 26
github.com/santhosh-tekuri/jsonschema/v5/compiler.go:605.13,607.20 2 29
github.com/santhosh-tekuri/jsonschema/v5/compiler.go:607.20,609.7 1 2
github.com/santhosh-tekuri/jsonschema/v5/compiler.go:614.3,614.27 1 4049
github.com/santhosh-tekuri/jsonschema/v5/compiler.go:614.27,615.75 1 3641
github.com/santhosh-tekuri/jsonschema/v5/compiler.go:615.75,617.5 1 3
github.com/santhosh-tekuri/jsonschema/v5/compiler.go:618.4,618.65 1 3638
github.com/santhosh-tekuri/jsonschema/v5/compiler.go:618.65,620.5 1 1
github.com/santhosh-tekuri/jsonschema/v5/compiler.go:623.3,623.27 1 4045
github.com/santhosh-tekuri/jsonschema/v5/compiler.go:623.27,624.22 1 3124
github.com/santhosh-tekuri/jsonschema/v5/compiler.go:624.22,625.56 1 59
github.com/santhosh-tekuri/jsonschema/v5/compiler.go:625.56,627.6 1 0
github.com/santhosh-tekuri/jsonschema/v5/compiler.go:628.5,628.60 1 59
github.com/santhosh-tekuri/jsonschema/v5/compiler.go:628.60,630.6 1 1
github.com/santhosh-tekuri/jsonschema/v5/compiler.go:631.5,631.60 1 58
github.com/santhosh-tekuri/jsonschema/v5/compiler.go:631.60,633.6 1 1
github.com/santhosh-tekuri/jsonschema/v5/compiler.go:636.3,636.30 1 4043
github.com/santhosh-tekuri/jsonschema/v5/compiler.go:636.30,637.45 1 2535
github.com/santhosh-tekuri/jsonschema/v5/compiler.go:637.45,640.29 3 12
github.com/santhosh-tekuri/jsonschema/v5/compiler.go:640.29,642.20 2 16
github.com/santhosh-tekuri/jsonschema/v5/compiler.go:642.20,644.7 1 1
github.com/santhosh-tekuri/jsonschema/v5/compiler.go:649.3,649.30 1 4042
github.com/santhosh-tekuri/jsonschema/v5/compiler.go:649.30,650.72 1 1403
github.com/santhosh-tekuri/jsonschema/v5/compiler.go:650.72,652.5 1 0
github.com/santhosh-tekuri/jsonschema/v5/compiler.go:653.4,653.63 1 1403
github.com/santhosh-tekuri/jsonschema/v5/compiler.go:653.63,655.5 1 1
github.com/santhosh-tekuri/jsonschema/v5/compiler.go:656.9,657.35 1 2639
github.com/santhosh-tekuri/jsonschema/v5/compiler.go:657.35,658.25 1 173
github.com/santhosh-tekuri/jsonschema/v5/compiler.go:659.24,661.20 2 91
github.com/santhosh-tekuri/jsonschema/v5/compiler.go:661.20,663.7 1 0
github.com/santhosh-tekuri/jsonschema/v5/compiler.go:664.6,664.57 1 91
github.com/santhosh-tekuri/jsonschema/v5/compiler.go:664.57,665.56 1 34
github.com/santhosh-tekuri/jsonschema/v5/compiler.go:666.17,667.43 1 22
github.com/santhosh-tekuri/jsonschema/v5/compiler.go:668.35,670.22 2 12
github.com/santhosh-tekuri/jsonschema/v5/compiler.go:670.22,672.9 1 0
github.com/santhosh-tekuri/jsonschema/v5/compiler.go:675.13,677.20 2 82
github.com/santhosh-tekuri/jsonschema/v5/compiler.go:677.20,679.7 1 0
github.com/santhosh-tekuri/jsonschema/v5/compiler.go:687.2,687.141 1 4046
github.com/santhosh-tekuri/jsonschema/v5/compiler.go:687.141,688.90 1 2531
github.com/santhosh-tekuri/jsonschema/v5/compiler.go:688.90,690.4 1 0
github.com/santhosh-tekuri/jsonschema/v5/compiler.go:691.3,691.80 1 2531
github.com/santhosh-tekuri/jsonschema/v5/compiler.go:691.80,693.4 1 0
github.com/santhosh-tekuri/jsonschema/v5/compiler.go:694.3,694.30 1 2531
github.com/santhosh-tekuri/jsonschema/v5/compiler.go:694.30,697.4 1 1400
github.com/santhosh-tekuri/jsonschema/v5/compiler.go:700.2,700.35 1 4046
github.com/santhosh-tekuri/jsonschema/v5/compiler.go:700.35,702.93 2 198
github.com/santhosh-tekuri/jsonschema/v5/compiler.go:702.93,704.4 1 136
github.com/santhosh-tekuri/jsonschema/v5/compiler.go:707.2,707.26 1 4046
github.com/santhosh-tekuri/jsonschema/v5/compiler.go:707.26,708.34 1 1
github.com/santhosh-tekuri/jsonschema/v5/compiler.go:708.34,710.4 1 1
github.com/santhosh-tekuri/jsonschema/v5/compiler.go:711.3,711.46 1 1
github.com/santhosh-tekuri/jsonschema/v5/compiler.go:711.46,713.4 1 1
github.com/santhosh-tekuri/jsonschema/v5/compiler.go:714.3,714.27 1 1
github.com/santhosh-tekuri/jsonschema/v5/compiler.go:717.2,717.26 1 4046
github.com/santhosh-tekuri/jsonschema/v5/compiler.go:717.26,718.30 1 3638
github.com/santhosh-tekuri/jsonschema/v5/compiler.go:718.30,720.4 1 175
github.com/santhosh-tekuri/jsonschema/v5/compiler.go:723.2,723.26 1 4046
github.com/santhosh-tekuri/jsonschema/v5/compiler.go:723.26,724.47 1 3125
github.com/santhosh-tekuri/jsonschema/v5/compiler.go:724.47,726.56 2 12
github.com/santhosh-tekuri/jsonschema/v5/compiler.go:726.56,728.5 1 1
github.com/santhosh-tekuri/jsonschema/v5/compiler.go:728.10,730.5 1 11
github.com/santhosh-tekuri/jsonschema/v5/compiler.go:732.3,732.49 1 3125
github.com/santhosh-tekuri/jsonschema/v5/compiler.go:732.49,734.61 2 12
github.com/santhosh-tekuri/jsonschema/v5/compiler.go:734.61,736.5 1 1
github.com/santhosh-tekuri/jsonschema/v5/compiler.go:736.10,738.5 1 11
github.com/santhosh-tekuri/jsonschema/v5/compiler.go:739.4,739.77 1 12
github.com/santhosh-tekuri/jsonschema/v5/compiler.go:739.77,741.5 1 0
github.com/santhosh-tekuri/jsonschema/v5/compiler.go:743.3,743.27 1 3125
github.com/santhosh-tekuri/jsonschema/v5/compiler.go:743.27,744.40 1 1
github.com/santhosh-tekuri/jsonschema/v5/compiler.go:744.40,746.5 1 1
github.com/santhosh-tekuri/jsonschema/v5/compiler.go:747.4,747.41 1 1
github.com/santhosh-tekuri/jsonschema/v5/compiler.go:747.41,749.5 1 1
github.com/santhosh-tekuri/jsonschema/v5/compiler.go:750.4,750.43 1 1
github.com/santhosh-tekuri/jsonschema/v5/compiler.go:750.43,752.5 1 1
github.com/santhosh-tekuri/jsonschema/v5/compiler.go:753.4,753.41 1 1
github.com/santhosh-tekuri/jsonschema/v5/compiler.go:753.41,755.5 1 1
github.com/santhosh-tekuri/jsonschema/v5/compiler.go:759.2,759.29 1 4046
github.com/santhosh-tekuri/jsonschema/v5/compiler.go:759.29,760.23 1 2538
github.com/santhosh-tekuri/jsonschema/v5/compiler.go:760.23,764.4 3 2351
github.com/santhosh-tekuri/jsonschema/v5/compiler.go:765.3,765.27 1 2538
github.com/santhosh-tekuri/jsonschema/v5/compiler.go:765.27,766.45 1 1
github.com/santhosh-tekuri/jsonschema/v5/compiler.go:766.45,768.5 1 1
github.com/santhosh-tekuri/jsonschema/v5/compiler.go:772.2,772.38 1 4046
github.com/santhosh-tekuri/jsonschema/v5/compiler.go:772.38,774.17 2 2
github.com/santhosh-tekuri/jsonschema/v5/compiler.go:774.17,776.4 1 0
github.com/santhosh-tekuri/jsonschema/v5/compiler.go:777.3,777.16 1 2
github.com/santhosh-tekuri/jsonschema/v5/compiler.go:777.16,778.27 1 2
github.com/santhosh-tekuri/jsonschema/v5/compiler.go:778.27,780.5 1 2
github.com/santhosh-tekuri/jsonschema/v5/compiler.go:781.4,781.27 1 2
github.com/santhosh-tekuri/jsonschema/v5/compiler.go:785.2,785.12 1 4046
github.com/santhosh-tekuri/jsonschema/v5/compiler.go:788.82,790.56 1 1776
github.com/santhosh-tekuri/jsonschema/v5/compiler.go:790.56,792.3 1 40
github.com/santhosh-tekuri/jsonschema/v5/compiler.go:794.2,794.39 1 1736
github.com/santhosh-tekuri/jsonschema/v5/compiler.go:794.39,796.3 1 1739
github.com/santhosh-tekuri/jsonschema/v5/compiler.go:798.2,799.27 2 1736
github.com/santhosh-tekuri/jsonschema/v5/compiler.go:799.27,801.17 2 1
github.com/santhosh-tekuri/jsonschema/v5/compiler.go:801.17,803.4 1 0
github.com/santhosh-tekuri/jsonschema/v5/compiler.go:804.3,804.13 1 1
github.com/santhosh-tekuri/jsonschema/v5/compiler.go:807.2,807.39 1 1736
github.com/santhosh-tekuri/jsonschema/v5/compiler.go:807.39,809.3 1 24
github.com/santhosh-tekuri/jsonschema/v5/compiler.go:810.2,810.35 1 1712
github.com/santhosh-tekuri/jsonschema/v5/compiler.go:810.35,811.44 1 3
github.com/santhosh-tekuri/jsonschema/v5/compiler.go:811.44,813.4 1 1
github.com/santhosh-tekuri/jsonschema/v5/compiler.go:815.2,815.12 1 1711
github.com/santhosh-tekuri/jsonschema/v5/compiler.go:818.50,820.25 2 178
github.com/santhosh-tekuri/jsonschema/v5/compiler.go:820.25,822.3 1 175
github.com/santhosh-tekuri/jsonschema/v5/compiler.go:823.2,824.16 2 178
github.com/santhosh-tekuri/jsonschema/v5/compiler.go:824.16,825.67 1 0
github.com/santhosh-tekuri/jsonschema/v5/compiler.go:827.2,827.11 1 178
github.com/santhosh-tekuri/jsonschema/v5/compiler.go:830.60,831.18 1 138
github.com/santhosh-tekuri/jsonschema/v5/compiler.go:831.18,833.26 2 14
github.com/santhosh-tekuri/jsonschema/v5/compiler.go:833.26,835.4 1 14
github.com/santhosh-tekuri/jsonschema/v5/compiler.go:836.3,836.30 1 14
github.com/santhosh-tekuri/jsonschema/v5/compiler.go:839.2,839.36 1 124
github.com/santhosh-tekuri/jsonschema/v5/compiler.go:839.36,841.3 1 1
github.com/santhosh-tekuri/jsonschema/v5/compiler.go:841.8,843.3 1 123
github.com/santhosh-tekuri/jsonschema/v5/compiler.go:846.44,848.24 2 271
github.com/santhosh-tekuri/jsonschema/v5/compiler.go:848.24,850.3 1 387
github.com/santhosh-tekuri/jsonschema/v5/compiler.go:851.2,851.10 1 271
github.com/santhosh-tekuri/jsonschema/v5/compiler.go:861.37,863.2 1 0
github.com/santhosh-tekuri/jsonschema/v5/compiler.go:865.57,866.28 1 73795
github.com/santhosh-tekuri/jsonschema/v5/compiler.go:866.28,867.32 1 91395
github.com/santhosh-tekuri/jsonschema/v5/compiler.go:867.32,869.4 1 2
github.com/santhosh-tekuri/jsonschema/v5/compiler.go:871.2,871.12 1 73793
github.com/santhosh-tekuri/jsonschema/v5/compiler.go:874.61,876.32 2 6793
github.com/santhosh-tekuri/jsonschema/v5/compiler.go:876.32,878.3 1 16571
github.com/santhosh-tekuri/jsonschema/v5/compiler.go:879.2,879.16 1 6793
github.com/santhosh-tekuri/jsonschema/v5/compiler.go:879.16,881.3 1 6319
github.com/santhosh-tekuri/jsonschema/v5/compiler.go:882.2,882.12 1 6793
github.com/santhosh-tekuri/jsonschema/v5/compiler.go:899.51,901.9 2 190
github.com/santhosh-tekuri/jsonschema/v5/compiler.go:901.9,903.3 1 24
github.com/santhosh-tekuri/jsonschema/v5/compiler.go:904.2,905.19 2 166
github.com/santhosh-tekuri/jsonschema/v5/compiler.go:908.47,910.2 1 341
github.com/santhosh-tekuri/jsonschema/v5/content.go:26.35,29.2 2 14
github.com/santhosh-tekuri/jsonschema/v5/draft.go:21.30,22.19 1 1
github.com/santhosh-tekuri/jsonschema/v5/draft.go:23.12,24.56 1 1
github.com/santhosh-tekuri/jsonschema/v5/draft.go:25.12,26.56 1 0
github.com/santhosh-tekuri/jsonschema/v5/draft.go:27.9,28.51 1 0
github.com/santhosh-tekuri/jsonschema/v5/draft.go:29.9,30.51 1 0
github.com/santhosh-tekuri/jsonschema/v5/draft.go:31.9,32.51 1 0
github.com/santhosh-tekuri/jsonschema/v5/draft.go:34.2,34.11 1 0
github.com/santhosh-tekuri/jsonschema/v5/draft.go:37.33,39.2 1 0
github.com/santhosh-tekuri/jsonschema/v5/draft.go:41.38,46.2 4 5
github.com/santhosh-tekuri/jsonschema/v5/draft.go:48.47,50.9 2 5193
github.com/santhosh-tekuri/jsonschema/v5/draft.go:50.9,52.3 1 553
github.com/santhosh-tekuri/jsonschema/v5/draft.go:53.2,53.46 1 4640
github.com/santhosh-tekuri/jsonschema/v5/draft.go:53.46,56.3 1 274
github.com/santhosh-tekuri/jsonschema/v5/draft.go:57.2,58.9 2 4366
github.com/santhosh-tekuri/jsonschema/v5/draft.go:58.9,60.3 1 3930
github.com/santhosh-tekuri/jsonschema/v5/draft.go:61.2,62.9 2 436
github.com/santhosh-tekuri/jsonschema/v5/draft.go:62.9,64.3 1 0
github.com/santhosh-tekuri/jsonschema/v5/draft.go:65.2,65.11 1 436
github.com/santhosh-tekuri/jsonschema/v5/draft.go:68.73,70.14 2 5030
github.com/santhosh-tekuri/jsonschema/v5/draft.go:70.14,72.3 1 4709
github.com/santhosh-tekuri/jsonschema/v5/draft.go:73.2,75.17 3 321
github.com/santhosh-tekuri/jsonschema/v5/draft.go:78.51,80.9 2 164
github.com/santhosh-tekuri/jsonschema/v5/draft.go:80.9,82.3 1 1
github.com/santhosh-tekuri/jsonschema/v5/draft.go:84.2,88.14 3 163
github.com/santhosh-tekuri/jsonschema/v5/draft.go:88.14,90.3 1 14
github.com/santhosh-tekuri/jsonschema/v5/draft.go:92.2,92.52 1 163
github.com/santhosh-tekuri/jsonschema/v5/draft.go:92.52,94.3 1 23
github.com/santhosh-tekuri/jsonschema/v5/draft.go:95.2,95.59 1 163
github.com/santhosh-tekuri/jsonschema/v5/draft.go:95.59,97.3 1 66
github.com/santhosh-tekuri/jsonschema/v5/draft.go:98.2,98.16 1 163
github.com/santhosh-tekuri/jsonschema/v5/draft.go:102.89,103.49 1 5005
github.com/santhosh-tekuri/jsonschema/v5/draft.go:103.49,105.17 2 3254
github.com/santhosh-tekuri/jsonschema/v5/draft.go:105.17,107.4 1 0
github.com/santhosh-tekuri/jsonschema/v5/draft.go:108.3,113.16 5 3254
github.com/santhosh-tekuri/jsonschema/v5/draft.go:113.16,115.4 1 125
github.com/santhosh-tekuri/jsonschema/v5/draft.go:116.3,116.40 1 3254
github.com/santhosh-tekuri/jsonschema/v5/draft.go:119.2,120.9 2 5005
github.com/santhosh-tekuri/jsonschema/v5/draft.go:120.9,122.3 1 549
github.com/santhosh-tekuri/jsonschema/v5/draft.go:123.2,123.36 1 4456
github.com/santhosh-tekuri/jsonschema/v5/draft.go:123.36,125.10 2 81718
github.com/santhosh-tekuri/jsonschema/v5/draft.go:125.10,126.12 1 79526
github.com/santhosh-tekuri/jsonschema/v5/draft.go:128.3,128.20 1 2192
github.com/santhosh-tekuri/jsonschema/v5/draft.go:128.20,129.25 1 870
github.com/santhosh-tekuri/jsonschema/v5/draft.go:130.32,131.38 1 505
github.com/santhosh-tekuri/jsonschema/v5/draft.go:131.38,133.6 1 0
github.com/santhosh-tekuri/jsonschema/v5/draft.go:134.14,135.21 1 274
github.com/santhosh-tekuri/jsonschema/v5/draft.go:135.21,136.39 1 260
github.com/santhosh-tekuri/jsonschema/v5/draft.go:136.39,138.7 1 0
github.com/santhosh-tekuri/jsonschema/v5/draft.go:142.3,142.20 1 2192
github.com/santhosh-tekuri/jsonschema/v5/draft.go:142.20,143.38 1 667
github.com/santhosh-tekuri/jsonschema/v5/draft.go:143.38,144.28 1 530
github.com/santhosh-tekuri/jsonschema/v5/draft.go:144.28,145.62 1 908
github.com/santhosh-tekuri/jsonschema/v5/draft.go:145.62,147.7 1 0
github.com/santhosh-tekuri/jsonschema/v5/draft.go:151.3,151.20 1 2192
github.com/santhosh-tekuri/jsonschema/v5/draft.go:151.20,152.47 1 883
github.com/santhosh-tekuri/jsonschema/v5/draft.go:152.47,153.32 1 883
github.com/santhosh-tekuri/jsonschema/v5/draft.go:153.32,154.60 1 1581
github.com/santhosh-tekuri/jsonschema/v5/draft.go:154.60,156.7 1 0
github.com/santhosh-tekuri/jsonschema/v5/draft.go:161.2,161.12 1 4456
github.com/santhosh-tekuri/jsonschema/v5/draft.go:165.42,166.28 1 67
github.com/santhosh-tekuri/jsonschema/v5/draft.go:166.28,167.15 1 232
github.com/santhosh-tekuri/jsonschema/v5/draft.go:167.15,169.4 1 66
github.com/santhosh-tekuri/jsonschema/v5/draft.go:171.2,171.14 1 1
github.com/santhosh-tekuri/jsonschema/v5/draft.go:230.35,231.39 1 3554
github.com/santhosh-tekuri/jsonschema/v5/draft.go:231.39,233.3 1 120
github.com/santhosh-tekuri/jsonschema/v5/draft.go:234.2,234.65 1 3554
github.com/santhosh-tekuri/jsonschema/v5/draft.go:234.65,236.3 1 24
github.com/santhosh-tekuri/jsonschema/v5/draft.go:237.2,237.13 1 3554
github.com/santhosh-tekuri/jsonschema/v5/draft.go:238.40,239.16 1 1
github.com/santhosh-tekuri/jsonschema/v5/draft.go:240.54,241.19 1 903
github.com/santhosh-tekuri/jsonschema/v5/draft.go:242.54,243.19 1 842
github.com/santhosh-tekuri/jsonschema/v5/draft.go:244.49,245.16 1 15
github.com/santhosh-tekuri/jsonschema/v5/draft.go:246.49,247.16 1 5
github.com/santhosh-tekuri/jsonschema/v5/draft.go:248.49,249.16 1 6
github.com/santhosh-tekuri/jsonschema/v5/draft.go:251.2,251.12 1 1782
github.com/santhosh-tekuri/jsonschema/v5/draft.go:257.13,300.2 22 1
github.com/santhosh-tekuri/jsonschema/v5/draft.go:302.55,304.22 2 5
github.com/santhosh-tekuri/jsonschema/v5/draft.go:304.22,306.3 1 83
github.com/santhosh-tekuri/jsonschema/v5/draft.go:307.2,307.11 1 5
github.com/santhosh-tekuri/jsonschema/v5/errors.go:12.46,14.2 1 0
github.com/santhosh-tekuri/jsonschema/v5/errors.go:20.43,22.2 1 0
github.com/santhosh-tekuri/jsonschema/v5/errors.go:24.77,26.28 2 2
github.com/santhosh-tekuri/jsonschema/v5/errors.go:26.28,27.17 1 37
github.com/santhosh-tekuri/jsonschema/v5/errors.go:27.17,29.4 1 2
github.com/santhosh-tekuri/jsonschema/v5/errors.go:29.9,31.4 1 35
github.com/santhosh-tekuri/jsonschema/v5/errors.go:33.2,33.50 1 2
github.com/santhosh-tekuri/jsonschema/v5/errors.go:48.39,50.2 1 0
github.com/santhosh-tekuri/jsonschema/v5/errors.go:52.39,54.19 2 30
github.com/santhosh-tekuri/jsonschema/v5/errors.go:54.19,56.3 1 30
github.com/santhosh-tekuri/jsonschema/v5/errors.go:57.2,57.10 1 0
github.com/santhosh-tekuri/jsonschema/v5/errors.go:60.42,61.44 1 42
github.com/santhosh-tekuri/jsonschema/v5/errors.go:61.44,63.3 1 18
github.com/santhosh-tekuri/jsonschema/v5/errors.go:64.2,64.19 1 24
github.com/santhosh-tekuri/jsonschema/v5/errors.go:76.55,77.31 1 4331
github.com/santhosh-tekuri/jsonschema/v5/errors.go:77.31,79.3 1 4742
github.com/santhosh-tekuri/jsonschema/v5/errors.go:80.2,80.11 1 4331
github.com/santhosh-tekuri/jsonschema/v5/errors.go:83.52,84.54 1 3711
github.com/santhosh-tekuri/jsonschema/v5/errors.go:84.54,86.3 1 130
github.com/santhosh-tekuri/jsonschema/v5/errors.go:86.8,88.3 1 3581
github.com/santhosh-tekuri/jsonschema/v5/errors.go:89.2,89.11 1 3711
github.com/santhosh-tekuri/jsonschema/v5/errors.go:92.43,94.27 2 2
github.com/santhosh-tekuri/jsonschema/v5/errors.go:94.27,96.3 1 2
github.com/santhosh-tekuri/jsonschema/v5/errors.go:97.2,98.140 2 2
github.com/santhosh-tekuri/jsonschema/v5/errors.go:101.46,105.30 4 7068
github.com/santhosh-tekuri/jsonschema/v5/errors.go:105.30,106.58 1 4295
github.com/santhosh-tekuri/jsonschema/v5/errors.go:106.58,108.4 1 6737
github.com/santhosh-tekuri/jsonschema/v5/errors.go:110.2,110.12 1 7068
github.com/santhosh-tekuri/jsonschema/v5/errors.go:113.40,114.20 1 6793
github.com/santhosh-tekuri/jsonschema/v5/errors.go:114.20,116.3 1 0
github.com/santhosh-tekuri/jsonschema/v5/errors.go:117.2,117.20 1 6793
github.com/santhosh-tekuri/jsonschema/v5/errors.go:117.20,119.3 1 474
github.com/santhosh-tekuri/jsonschema/v5/errors.go:120.2,120.26 1 6319
github.com/santhosh-tekuri/jsonschema/v5/errors.go:124.29,129.2 4 2906
github.com/santhosh-tekuri/jsonschema/v5/extension.go:28.82,30.2 1 3
github.com/santhosh-tekuri/jsonschema/v5/extension.go:49.100,51.30 2 0
github.com/santhosh-tekuri/jsonschema/v5/extension.go:51.30,53.3 1 0
github.com/santhosh-tekuri/jsonschema/v5/extension.go:54.2,54.93 1 0
github.com/santhosh-tekuri/jsonschema/v5/extension.go:63.115,65.30 2 0
github.com/santhosh-tekuri/jsonschema/v5/extension.go:65.30,67.3 1 0
github.com/santhosh-tekuri/jsonschema/v5/extension.go:68.2,68.62 1 0
github.com/santhosh-tekuri/jsonschema/v5/extension.go:75.56,76.20 1 0
github.com/santhosh-tekuri/jsonschema/v5/extension.go:76.20,78.3 1 0
github.com/santhosh-tekuri/jsonschema/v5/extension.go:80.2,80.23 1 0
github.com/santhosh-tekuri/jsonschema/v5/extension.go:96.57,98.2 1 0
github.com/santhosh-tekuri/jsonschema/v5/extension.go:101.55,103.2 1 0
github.com/santhosh-tekuri/jsonschema/v5/extension.go:111.99,112.17 1 0
github.com/santhosh-tekuri/jsonschema/v5/extension.go:112.17,114.3 1 0
github.com/santhosh-tekuri/jsonschema/v5/extension.go:115.2,115.41 1 0
github.com/santhosh-tekuri/jsonschema/v5/extension.go:121.106,123.2 1 1
github.com/santhosh-tekuri/jsonschema/v5/extension.go:126.56,128.2 1 0
github.com/santhosh-tekuri/jsonschema/v5/extension.go:131.51,133.2 1 0
github.com/santhosh-tekuri/jsonschema/v5/extension.go:138.78,140.2 1 0
github.com/santhosh-tekuri/jsonschema/v5/format.go:44.37,46.9 2 171
github.com/santhosh-tekuri/jsonschema/v5/format.go:46.9,48.3 1 49
github.com/santhosh-tekuri/jsonschema/v5/format.go:49.2,49.17 1 122
github.com/santhosh-tekuri/jsonschema/v5/format.go:49.17,51.3 1 12
github.com/santhosh-tekuri/jsonschema/v5/format.go:52.2,52.34 1 110
github.com/santhosh-tekuri/jsonschema/v5/format.go:52.34,54.3 1 23
github.com/santhosh-tekuri/jsonschema/v5/format.go:55.2,55.41 1 87
github.com/santhosh-tekuri/jsonschema/v5/format.go:62.33,64.9 2 267
github.com/santhosh-tekuri/jsonschema/v5/format.go:64.9,66.3 1 25
github.com/santhosh-tekuri/jsonschema/v5/format.go:67.2,68.19 2 242
github.com/santhosh-tekuri/jsonschema/v5/format.go:75.33,77.9 2 248
github.com/santhosh-tekuri/jsonschema/v5/format.go:77.9,79.3 1 25
github.com/santhosh-tekuri/jsonschema/v5/format.go:86.2,86.52 1 223
github.com/santhosh-tekuri/jsonschema/v5/format.go:86.52,88.3 1 24
github.com/santhosh-tekuri/jsonschema/v5/format.go:89.2,89.58 1 199
github.com/santhosh-tekuri/jsonschema/v5/format.go:89.58,91.17 2 725
github.com/santhosh-tekuri/jsonschema/v5/format.go:91.17,93.4 1 1
github.com/santhosh-tekuri/jsonschema/v5/format.go:94.3,94.25 1 724
github.com/santhosh-tekuri/jsonschema/v5/format.go:94.25,96.4 1 31
github.com/santhosh-tekuri/jsonschema/v5/format.go:97.3,97.17 1 693
github.com/santhosh-tekuri/jsonschema/v5/format.go:99.2,100.45 2 199
github.com/santhosh-tekuri/jsonschema/v5/format.go:100.45,102.3 1 5
github.com/santhosh-tekuri/jsonschema/v5/format.go:103.2,103.45 1 194
github.com/santhosh-tekuri/jsonschema/v5/format.go:103.45,105.3 1 4
github.com/santhosh-tekuri/jsonschema/v5/format.go:106.2,106.45 1 190
github.com/santhosh-tekuri/jsonschema/v5/format.go:106.45,108.3 1 9
github.com/santhosh-tekuri/jsonschema/v5/format.go:109.2,112.19 2 181
github.com/santhosh-tekuri/jsonschema/v5/format.go:112.19,116.17 3 49
github.com/santhosh-tekuri/jsonschema/v5/format.go:116.17,117.36 1 235
github.com/santhosh-tekuri/jsonschema/v5/format.go:117.36,118.10 1 45
github.com/santhosh-tekuri/jsonschema/v5/format.go:120.4,121.17 2 190
github.com/santhosh-tekuri/jsonschema/v5/format.go:123.3,123.21 1 49
github.com/santhosh-tekuri/jsonschema/v5/format.go:123.21,125.4 1 1
github.com/santhosh-tekuri/jsonschema/v5/format.go:128.2,128.19 1 180
github.com/santhosh-tekuri/jsonschema/v5/format.go:128.19,130.3 1 4
github.com/santhosh-tekuri/jsonschema/v5/format.go:132.2,132.36 1 176
github.com/santhosh-tekuri/jsonschema/v5/format.go:132.36,133.20 1 80
github.com/santhosh-tekuri/jsonschema/v5/format.go:133.20,135.4 1 5
github.com/santhosh-tekuri/jsonschema/v5/format.go:136.8,140.37 1 96
github.com/santhosh-tekuri/jsonschema/v5/format.go:140.37,142.4 1 16
github.com/santhosh-tekuri/jsonschema/v5/format.go:144.3,145.20 2 80
github.com/santhosh-tekuri/jsonschema/v5/format.go:145.20,147.4 1 40
github.com/santhosh-tekuri/jsonschema/v5/format.go:147.9,147.27 1 40
github.com/santhosh-tekuri/jsonschema/v5/format.go:147.27,149.4 1 36
github.com/santhosh-tekuri/jsonschema/v5/format.go:149.9,151.4 1 4
github.com/santhosh-tekuri/jsonschema/v5/format.go:153.3,154.47 2 76
github.com/santhosh-tekuri/jsonschema/v5/format.go:154.47,156.4 1 10
github.com/santhosh-tekuri/jsonschema/v5/format.go:157.3,157.47 1 66
github.com/santhosh-tekuri/jsonschema/v5/format.go:157.47,159.4 1 4
github.com/santhosh-tekuri/jsonschema/v5/format.go:162.3,163.13 2 62
github.com/santhosh-tekuri/jsonschema/v5/format.go:163.13,165.4 1 7
github.com/santhosh-tekuri/jsonschema/v5/format.go:166.3,166.22 1 62
github.com/santhosh-tekuri/jsonschema/v5/format.go:170.2,170.13 1 137
github.com/santhosh-tekuri/jsonschema/v5/format.go:170.13,171.25 1 73
github.com/santhosh-tekuri/jsonschema/v5/format.go:171.25,173.4 1 42
github.com/santhosh-tekuri/jsonschema/v5/format.go:176.2,176.13 1 95
github.com/santhosh-tekuri/jsonschema/v5/format.go:183.37,185.9 2 75
github.com/santhosh-tekuri/jsonschema/v5/format.go:185.9,187.3 1 13
github.com/santhosh-tekuri/jsonschema/v5/format.go:188.2,188.32 1 62
github.com/santhosh-tekuri/jsonschema/v5/format.go:188.32,190.3 1 3
github.com/santhosh-tekuri/jsonschema/v5/format.go:191.2,192.47 2 59
github.com/santhosh-tekuri/jsonschema/v5/format.go:192.47,193.33 1 86
github.com/santhosh-tekuri/jsonschema/v5/format.go:193.33,195.8 2 83
github.com/santhosh-tekuri/jsonschema/v5/format.go:195.8,196.20 1 182
github.com/santhosh-tekuri/jsonschema/v5/format.go:196.20,197.11 1 3
github.com/santhosh-tekuri/jsonschema/v5/format.go:199.5,199.33 1 179
github.com/santhosh-tekuri/jsonschema/v5/format.go:199.33,200.11 1 80
github.com/santhosh-tekuri/jsonschema/v5/format.go:202.5,203.14 2 99
github.com/santhosh-tekuri/jsonschema/v5/format.go:205.4,205.30 1 83
github.com/santhosh-tekuri/jsonschema/v5/format.go:205.30,207.5 1 5
github.com/santhosh-tekuri/jsonschema/v5/format.go:208.4,209.13 2 78
github.com/santhosh-tekuri/jsonschema/v5/format.go:211.3,211.21 1 81
github.com/santhosh-tekuri/jsonschema/v5/format.go:213.2,214.9 2 59
github.com/santhosh-tekuri/jsonschema/v5/format.go:214.9,216.3 1 5
github.com/santhosh-tekuri/jsonschema/v5/format.go:217.2,217.18 1 54
github.com/santhosh-tekuri/jsonschema/v5/format.go:217.18,219.3 1 3
github.com/santhosh-tekuri/jsonschema/v5/format.go:220.2,220.20 1 51
github.com/santhosh-tekuri/jsonschema/v5/format.go:220.20,221.38 1 33
github.com/santhosh-tekuri/jsonschema/v5/format.go:221.38,223.4 1 12
github.com/santhosh-tekuri/jsonschema/v5/format.go:224.3,224.18 1 21
github.com/santhosh-tekuri/jsonschema/v5/format.go:224.18,226.4 1 9
github.com/santhosh-tekuri/jsonschema/v5/format.go:228.2,228.32 1 30
github.com/santhosh-tekuri/jsonschema/v5/format.go:228.32,230.3 1 3
github.com/santhosh-tekuri/jsonschema/v5/format.go:231.2,233.78 3 27
github.com/santhosh-tekuri/jsonschema/v5/format.go:240.35,242.9 2 13
github.com/santhosh-tekuri/jsonschema/v5/format.go:242.9,244.3 1 1
github.com/santhosh-tekuri/jsonschema/v5/format.go:245.2,246.17 2 12
github.com/santhosh-tekuri/jsonschema/v5/format.go:246.17,248.3 1 5
github.com/santhosh-tekuri/jsonschema/v5/format.go:249.2,250.23 2 7
github.com/santhosh-tekuri/jsonschema/v5/format.go:250.23,252.3 1 3
github.com/santhosh-tekuri/jsonschema/v5/format.go:253.2,253.45 1 4
github.com/santhosh-tekuri/jsonschema/v5/format.go:261.37,263.9 2 164
github.com/santhosh-tekuri/jsonschema/v5/format.go:263.9,265.3 1 49
github.com/santhosh-tekuri/jsonschema/v5/format.go:267.2,268.18 2 115
github.com/santhosh-tekuri/jsonschema/v5/format.go:268.18,270.3 1 1
github.com/santhosh-tekuri/jsonschema/v5/format.go:273.2,273.46 1 114
github.com/santhosh-tekuri/jsonschema/v5/format.go:273.46,275.60 1 188
github.com/santhosh-tekuri/jsonschema/v5/format.go:275.60,277.4 1 12
github.com/santhosh-tekuri/jsonschema/v5/format.go:282.3,282.34 1 176
github.com/santhosh-tekuri/jsonschema/v5/format.go:282.34,284.4 1 12
github.com/santhosh-tekuri/jsonschema/v5/format.go:287.3,287.33 1 164
github.com/santhosh-tekuri/jsonschema/v5/format.go:287.33,289.4 1 6
github.com/santhosh-tekuri/jsonschema/v5/format.go:293.3,293.27 1 158
github.com/santhosh-tekuri/jsonschema/v5/format.go:293.27,294.113 1 1561
github.com/santhosh-tekuri/jsonschema/v5/format.go:294.113,296.5 1 22
github.com/santhosh-tekuri/jsonschema/v5/format.go:300.2,300.13 1 62
github.com/santhosh-tekuri/jsonschema/v5/format.go:307.34,309.9 2 106
github.com/santhosh-tekuri/jsonschema/v5/format.go:309.9,311.3 1 49
github.com/santhosh-tekuri/jsonschema/v5/format.go:313.2,313.18 1 57
github.com/santhosh-tekuri/jsonschema/v5/format.go:313.18,315.3 1 1
github.com/santhosh-tekuri/jsonschema/v5/format.go:318.2,319.14 2 56
github.com/santhosh-tekuri/jsonschema/v5/format.go:319.14,321.3 1 6
github.com/santhosh-tekuri/jsonschema/v5/format.go:322.2,326.21 3 50
github.com/santhosh-tekuri/jsonschema/v5/format.go:326.21,328.3 1 1
github.com/santhosh-tekuri/jsonschema/v5/format.go:331.2,331.74 1 49
github.com/santhosh-tekuri/jsonschema/v5/format.go:331.74,333.37 2 3
github.com/santhosh-tekuri/jsonschema/v5/format.go:333.37,335.4 1 1
github.com/santhosh-tekuri/jsonschema/v5/format.go:336.3,336.20 1 2
github.com/santhosh-tekuri/jsonschema/v5/format.go:340.2,340.25 1 46
github.com/santhosh-tekuri/jsonschema/v5/format.go:340.25,342.3 1 2
github.com/santhosh-tekuri/jsonschema/v5/format.go:344.2,345.19 2 44
github.com/santhosh-tekuri/jsonschema/v5/format.go:350.33,352.9 2 109
github.com/santhosh-tekuri/jsonschema/v5/format.go:352.9,354.3 1 50
github.com/santhosh-tekuri/jsonschema/v5/format.go:355.2,356.22 2 59
github.com/santhosh-tekuri/jsonschema/v5/format.go:356.22,358.3 1 26
github.com/santhosh-tekuri/jsonschema/v5/format.go:359.2,359.31 1 33
github.com/santhosh-tekuri/jsonschema/v5/format.go:359.31,361.17 2 84
github.com/santhosh-tekuri/jsonschema/v5/format.go:361.17,363.4 1 6
github.com/santhosh-tekuri/jsonschema/v5/format.go:364.3,364.23 1 78
github.com/santhosh-tekuri/jsonschema/v5/format.go:364.23,366.4 1 7
github.com/santhosh-tekuri/jsonschema/v5/format.go:367.3,367.32 1 71
github.com/santhosh-tekuri/jsonschema/v5/format.go:367.32,369.4 1 5
github.com/santhosh-tekuri/jsonschema/v5/format.go:371.2,371.13 1 15
github.com/santhosh-tekuri/jsonschema/v5/format.go:376.33,378.9 2 233
github.com/santhosh-tekuri/jsonschema/v5/format.go:378.9,380.3 1 49
github.com/santhosh-tekuri/jsonschema/v5/format.go:381.2,381.31 1 184
github.com/santhosh-tekuri/jsonschema/v5/format.go:381.31,383.3 1 11
github.com/santhosh-tekuri/jsonschema/v5/format.go:384.2,384.30 1 173
github.com/santhosh-tekuri/jsonschema/v5/format.go:388.32,390.9 2 1950
github.com/santhosh-tekuri/jsonschema/v5/format.go:390.9,392.3 1 74
github.com/santhosh-tekuri/jsonschema/v5/format.go:393.2,394.32 2 1876
github.com/santhosh-tekuri/jsonschema/v5/format.go:397.43,399.16 2 2776
github.com/santhosh-tekuri/jsonschema/v5/format.go:399.16,401.3 1 17
github.com/santhosh-tekuri/jsonschema/v5/format.go:404.2,405.44 2 2759
github.com/santhosh-tekuri/jsonschema/v5/format.go:405.44,406.83 1 11
github.com/santhosh-tekuri/jsonschema/v5/format.go:406.83,408.4 1 3
github.com/santhosh-tekuri/jsonschema/v5/format.go:409.3,409.24 1 8
github.com/santhosh-tekuri/jsonschema/v5/format.go:409.24,411.4 1 0
github.com/santhosh-tekuri/jsonschema/v5/format.go:413.2,413.15 1 2756
github.com/santhosh-tekuri/jsonschema/v5/format.go:418.41,420.9 2 943
github.com/santhosh-tekuri/jsonschema/v5/format.go:420.9,422.3 1 63
github.com/santhosh-tekuri/jsonschema/v5/format.go:423.2,424.48 2 880
github.com/santhosh-tekuri/jsonschema/v5/format.go:431.40,433.9 2 57
github.com/santhosh-tekuri/jsonschema/v5/format.go:433.9,435.3 1 37
github.com/santhosh-tekuri/jsonschema/v5/format.go:436.2,437.16 2 20
github.com/santhosh-tekuri/jsonschema/v5/format.go:437.16,439.3 1 0
github.com/santhosh-tekuri/jsonschema/v5/format.go:440.2,440.53 1 20
github.com/santhosh-tekuri/jsonschema/v5/format.go:440.53,442.27 2 60
github.com/santhosh-tekuri/jsonschema/v5/format.go:442.27,443.14 1 355
github.com/santhosh-tekuri/jsonschema/v5/format.go:444.13,446.19 2 30
github.com/santhosh-tekuri/jsonschema/v5/format.go:446.19,448.6 1 0
github.com/santhosh-tekuri/jsonschema/v5/format.go:449.13,451.19 2 25
github.com/santhosh-tekuri/jsonschema/v5/format.go:451.19,453.6 1 0
github.com/santhosh-tekuri/jsonschema/v5/format.go:456.3,456.17 1 60
github.com/santhosh-tekuri/jsonschema/v5/format.go:456.17,458.4 1 5
github.com/santhosh-tekuri/jsonschema/v5/format.go:460.2,460.13 1 15
github.com/santhosh-tekuri/jsonschema/v5/format.go:466.40,468.9 2 224
github.com/santhosh-tekuri/jsonschema/v5/format.go:468.9,470.3 1 37
github.com/santhosh-tekuri/jsonschema/v5/format.go:471.2,471.43 1 187
github.com/santhosh-tekuri/jsonschema/v5/format.go:471.43,473.3 1 42
github.com/santhosh-tekuri/jsonschema/v5/format.go:474.2,474.45 1 145
github.com/santhosh-tekuri/jsonschema/v5/format.go:474.45,475.34 1 365
github.com/santhosh-tekuri/jsonschema/v5/format.go:475.34,476.22 1 590
github.com/santhosh-tekuri/jsonschema/v5/format.go:476.22,477.25 1 95
github.com/santhosh-tekuri/jsonschema/v5/format.go:477.25,479.6 1 15
github.com/santhosh-tekuri/jsonschema/v5/format.go:480.5,480.22 1 80
github.com/santhosh-tekuri/jsonschema/v5/format.go:481.19,481.19 0 65
github.com/santhosh-tekuri/jsonschema/v5/format.go:483.13,484.18 1 15
github.com/santhosh-tekuri/jsonschema/v5/format.go:489.2,489.13 1 115
github.com/santhosh-tekuri/jsonschema/v5/format.go:495.48,497.9 2 71
github.com/santhosh-tekuri/jsonschema/v5/format.go:497.9,499.3 1 25
github.com/santhosh-tekuri/jsonschema/v5/format.go:500.2,500.13 1 46
github.com/santhosh-tekuri/jsonschema/v5/format.go:500.13,502.3 1 4
github.com/santhosh-tekuri/jsonschema/v5/format.go:503.2,503.17 1 42
github.com/santhosh-tekuri/jsonschema/v5/format.go:503.17,505.3 1 20
github.com/santhosh-tekuri/jsonschema/v5/format.go:505.8,505.39 1 22
github.com/santhosh-tekuri/jsonschema/v5/format.go:505.39,506.45 1 11
github.com/santhosh-tekuri/jsonschema/v5/format.go:506.45,508.4 1 17
github.com/santhosh-tekuri/jsonschema/v5/format.go:509.8,511.3 1 11
github.com/santhosh-tekuri/jsonschema/v5/format.go:512.2,512.37 1 31
github.com/santhosh-tekuri/jsonschema/v5/format.go:519.33,521.9 2 58
github.com/santhosh-tekuri/jsonschema/v5/format.go:521.9,523.3 1 13
github.com/santhosh-tekuri/jsonschema/v5/format.go:524.2,524.31 1 45
github.com/santhosh-tekuri/jsonschema/v5/format.go:524.31,525.13 1 171
github.com/santhosh-tekuri/jsonschema/v5/format.go:525.13,526.19 1 1068
github.com/santhosh-tekuri/jsonschema/v5/format.go:526.19,528.5 1 3
github.com/santhosh-tekuri/jsonschema/v5/format.go:529.4,530.12 2 1065
github.com/santhosh-tekuri/jsonschema/v5/format.go:530.12,532.5 1 6
github.com/santhosh-tekuri/jsonschema/v5/format.go:533.4,534.7 2 1059
github.com/santhosh-tekuri/jsonschema/v5/format.go:536.3,536.14 1 162
github.com/santhosh-tekuri/jsonschema/v5/format.go:538.2,539.35 2 45
github.com/santhosh-tekuri/jsonschema/v5/format.go:539.35,540.27 1 171
github.com/santhosh-tekuri/jsonschema/v5/format.go:540.27,542.4 1 9
github.com/santhosh-tekuri/jsonschema/v5/format.go:543.3,543.25 1 162
github.com/santhosh-tekuri/jsonschema/v5/format.go:543.25,544.9 1 24
github.com/santhosh-tekuri/jsonschema/v5/format.go:546.3,546.33 1 138
github.com/santhosh-tekuri/jsonschema/v5/format.go:546.33,548.4 1 12
github.com/santhosh-tekuri/jsonschema/v5/format.go:549.3,549.12 1 126
github.com/santhosh-tekuri/jsonschema/v5/format.go:551.2,551.20 1 24
github.com/santhosh-tekuri/jsonschema/v5/loader.go:13.51,15.16 2 11
github.com/santhosh-tekuri/jsonschema/v5/loader.go:15.16,17.3 1 0
github.com/santhosh-tekuri/jsonschema/v5/loader.go:18.2,19.31 2 11
github.com/santhosh-tekuri/jsonschema/v5/loader.go:19.31,22.3 2 0
github.com/santhosh-tekuri/jsonschema/v5/loader.go:23.2,23.19 1 11
github.com/santhosh-tekuri/jsonschema/v5/loader.go:39.45,41.2 1 0
github.com/santhosh-tekuri/jsonschema/v5/loader.go:49.53,51.16 2 99
github.com/santhosh-tekuri/jsonschema/v5/loader.go:51.16,53.3 1 0
github.com/santhosh-tekuri/jsonschema/v5/loader.go:54.2,55.9 2 99
github.com/santhosh-tekuri/jsonschema/v5/loader.go:55.9,58.3 1 0
github.com/santhosh-tekuri/jsonschema/v5/loader.go:59.2,59.18 1 99
github.com/santhosh-tekuri/jsonschema/v5/output.go:9.46,11.2 1 0
github.com/santhosh-tekuri/jsonschema/v5/output.go:30.48,33.38 3 0
github.com/santhosh-tekuri/jsonschema/v5/output.go:33.38,40.35 2 0
github.com/santhosh-tekuri/jsonschema/v5/output.go:40.35,42.4 1 0
github.com/santhosh-tekuri/jsonschema/v5/output.go:44.2,45.30 2 0
github.com/santhosh-tekuri/jsonschema/v5/output.go:61.54,63.34 2 0
github.com/santhosh-tekuri/jsonschema/v5/output.go:63.34,65.3 1 0
github.com/santhosh-tekuri/jsonschema/v5/output.go:66.2,67.24 2 0
github.com/santhosh-tekuri/jsonschema/v5/output.go:67.24,69.3 1 0
github.com/santhosh-tekuri/jsonschema/v5/output.go:70.2,76.3 1 0
github.com/santhosh-tekuri/jsonschema/v5/resource.go:23.36,25.2 1 1
github.com/santhosh-tekuri/jsonschema/v5/resource.go:27.66,29.39 2 1765
github.com/santhosh-tekuri/jsonschema/v5/resource.go:29.39,30.50 1 0
github.com/santhosh-tekuri/jsonschema/v5/resource.go:32.2,33.16 2 1765
github.com/santhosh-tekuri/jsonschema/v5/resource.go:33.16,35.3 1 0
github.com/santhosh-tekuri/jsonschema/v5/resource.go:36.2,40.8 1 1765
github.com/santhosh-tekuri/jsonschema/v5/resource.go:44.69,45.67 1 1776
github.com/santhosh-tekuri/jsonschema/v5/resource.go:45.67,47.3 1 25
github.com/santhosh-tekuri/jsonschema/v5/resource.go:49.2,49.27 1 1751
github.com/santhosh-tekuri/jsonschema/v5/resource.go:49.27,51.3 1 1738
github.com/santhosh-tekuri/jsonschema/v5/resource.go:52.2,52.89 1 1751
github.com/santhosh-tekuri/jsonschema/v5/resource.go:52.89,54.3 1 0
github.com/santhosh-tekuri/jsonschema/v5/resource.go:57.2,58.36 2 1751
github.com/santhosh-tekuri/jsonschema/v5/resource.go:58.36,59.19 1 3276
github.com/santhosh-tekuri/jsonschema/v5/resource.go:59.19,60.40 1 125
github.com/santhosh-tekuri/jsonschema/v5/resource.go:60.40,62.5 1 1
github.com/santhosh-tekuri/jsonschema/v5/resource.go:63.4,63.30 1 124
github.com/santhosh-tekuri/jsonschema/v5/resource.go:67.2,67.12 1 1750
github.com/santhosh-tekuri/jsonschema/v5/resource.go:71.61,74.36 3 1646
github.com/santhosh-tekuri/jsonschema/v5/resource.go:74.36,75.41 1 11558
github.com/santhosh-tekuri/jsonschema/v5/resource.go:75.41,77.4 1 1498
github.com/santhosh-tekuri/jsonschema/v5/resource.go:79.2,79.15 1 1646
github.com/santhosh-tekuri/jsonschema/v5/resource.go:82.55,83.18 1 5388
github.com/santhosh-tekuri/jsonschema/v5/resource.go:83.18,85.3 1 5126
github.com/santhosh-tekuri/jsonschema/v5/resource.go:86.2,86.37 1 262
github.com/santhosh-tekuri/jsonschema/v5/resource.go:86.37,87.21 1 785
github.com/santhosh-tekuri/jsonschema/v5/resource.go:87.21,89.4 1 111
github.com/santhosh-tekuri/jsonschema/v5/resource.go:91.2,91.12 1 151
github.com/santhosh-tekuri/jsonschema/v5/resource.go:95.92,96.27 1 5213
github.com/santhosh-tekuri/jsonschema/v5/resource.go:96.27,98.3 1 1890
github.com/santhosh-tekuri/jsonschema/v5/resource.go:101.2,101.33 1 3323
github.com/santhosh-tekuri/jsonschema/v5/resource.go:101.33,103.50 1 103
github.com/santhosh-tekuri/jsonschema/v5/resource.go:103.50,104.23 1 59
github.com/santhosh-tekuri/jsonschema/v5/resource.go:104.23,106.5 1 59
github.com/santhosh-tekuri/jsonschema/v5/resource.go:110.3,111.38 2 44
github.com/santhosh-tekuri/jsonschema/v5/resource.go:111.38,112.76 1 85
github.com/santhosh-tekuri/jsonschema/v5/resource.go:112.76,113.53 1 61
github.com/santhosh-tekuri/jsonschema/v5/resource.go:113.53,114.25 1 43
github.com/santhosh-tekuri/jsonschema/v5/resource.go:114.25,116.7 1 43
github.com/santhosh-tekuri/jsonschema/v5/resource.go:120.3,120.18 1 1
github.com/santhosh-tekuri/jsonschema/v5/resource.go:124.2,125.41 2 3220
github.com/santhosh-tekuri/jsonschema/v5/resource.go:125.41,127.3 1 3192
github.com/santhosh-tekuri/jsonschema/v5/resource.go:130.2,131.52 2 28
github.com/santhosh-tekuri/jsonschema/v5/resource.go:131.52,135.17 4 35
github.com/santhosh-tekuri/jsonschema/v5/resource.go:135.17,137.4 1 0
github.com/santhosh-tekuri/jsonschema/v5/resource.go:138.3,138.26 1 35
github.com/santhosh-tekuri/jsonschema/v5/resource.go:139.31,140.29 1 32
github.com/santhosh-tekuri/jsonschema/v5/resource.go:140.29,142.5 1 12
github.com/santhosh-tekuri/jsonschema/v5/resource.go:143.4,143.17 1 20
github.com/santhosh-tekuri/jsonschema/v5/resource.go:144.22,146.18 2 2
github.com/santhosh-tekuri/jsonschema/v5/resource.go:146.18,148.5 1 1
github.com/santhosh-tekuri/jsonschema/v5/resource.go:149.4,149.36 1 1
github.com/santhosh-tekuri/jsonschema/v5/resource.go:149.36,151.5 1 1
github.com/santhosh-tekuri/jsonschema/v5/resource.go:152.4,152.18 1 0
github.com/santhosh-tekuri/jsonschema/v5/resource.go:153.11,154.19 1 1
github.com/santhosh-tekuri/jsonschema/v5/resource.go:158.2,159.16 2 13
github.com/santhosh-tekuri/jsonschema/v5/resource.go:159.16,161.3 1 0
github.com/santhosh-tekuri/jsonschema/v5/resource.go:162.2,164.49 3 13
github.com/santhosh-tekuri/jsonschema/v5/resource.go:164.49,166.3 1 0
github.com/santhosh-tekuri/jsonschema/v5/resource.go:167.2,167.17 1 13
github.com/santhosh-tekuri/jsonschema/v5/resource.go:170.48,171.6 1 7216
github.com/santhosh-tekuri/jsonschema/v5/resource.go:171.6,172.41 1 10278
github.com/santhosh-tekuri/jsonschema/v5/resource.go:172.41,173.20 1 1822
github.com/santhosh-tekuri/jsonschema/v5/resource.go:173.20,175.5 1 150
github.com/santhosh-tekuri/jsonschema/v5/resource.go:177.3,178.18 2 10128
github.com/santhosh-tekuri/jsonschema/v5/resource.go:178.18,179.9 1 7066
github.com/santhosh-tekuri/jsonschema/v5/resource.go:181.3,181.22 1 3062
github.com/santhosh-tekuri/jsonschema/v5/resource.go:183.2,183.14 1 7066
github.com/santhosh-tekuri/jsonschema/v5/resource.go:188.38,191.64 1 3417
github.com/santhosh-tekuri/jsonschema/v5/resource.go:191.64,193.3 1 0
github.com/santhosh-tekuri/jsonschema/v5/resource.go:195.2,196.16 2 3417
github.com/santhosh-tekuri/jsonschema/v5/resource.go:196.16,198.3 1 1
github.com/santhosh-tekuri/jsonschema/v5/resource.go:199.2,199.15 1 3416
github.com/santhosh-tekuri/jsonschema/v5/resource.go:199.15,201.3 1 149
github.com/santhosh-tekuri/jsonschema/v5/resource.go:204.2,204.42 1 3267
github.com/santhosh-tekuri/jsonschema/v5/resource.go:204.42,206.3 1 0
github.com/santhosh-tekuri/jsonschema/v5/resource.go:207.2,207.31 1 3267
github.com/santhosh-tekuri/jsonschema/v5/resource.go:207.31,209.3 1 0
github.com/santhosh-tekuri/jsonschema/v5/resource.go:209.8,211.3 1 3267
github.com/santhosh-tekuri/jsonschema/v5/resource.go:212.2,213.24 2 3267
github.com/santhosh-tekuri/jsonschema/v5/resource.go:216.51,217.15 1 5709
github.com/santhosh-tekuri/jsonschema/v5/resource.go:217.15,219.3 1 0
github.com/santhosh-tekuri/jsonschema/v5/resource.go:220.2,220.36 1 5709
github.com/santhosh-tekuri/jsonschema/v5/resource.go:220.36,222.3 1 74
github.com/santhosh-tekuri/jsonschema/v5/resource.go:224.2,225.16 2 5635
github.com/santhosh-tekuri/jsonschema/v5/resource.go:225.16,227.3 1 0
github.com/santhosh-tekuri/jsonschema/v5/resource.go:228.2,228.20 1 5635
github.com/santhosh-tekuri/jsonschema/v5/resource.go:228.20,230.3 1 2995
github.com/santhosh-tekuri/jsonschema/v5/resource.go:232.2,232.37 1 2640
github.com/santhosh-tekuri/jsonschema/v5/resource.go:232.37,235.3 2 50
github.com/santhosh-tekuri/jsonschema/v5/resource.go:237.2,238.16 2 2590
github.com/santhosh-tekuri/jsonschema/v5/resource.go:238.16,240.3 1 0
github.com/santhosh-tekuri/jsonschema/v5/resource.go:241.2,241.55 1 2590
github.com/santhosh-tekuri/jsonschema/v5/resource.go:244.41,246.16 2 15353
github.com/santhosh-tekuri/jsonschema/v5/resource.go:246.16,248.3 1 9289
github.com/santhosh-tekuri/jsonschema/v5/resource.go:249.2,250.15 2 6064
github.com/santhosh-tekuri/jsonschema/v5/resource.go:250.15,252.3 1 0
github.com/santhosh-tekuri/jsonschema/v5/resource.go:253.2,253.23 1 6064
github.com/santhosh-tekuri/jsonschema/v5/resource.go:256.31,259.2 2 1858
github.com/santhosh-tekuri/jsonschema/v5/resource.go:261.31,264.2 2 680
github.com/santhosh-tekuri/jsonschema/v5/resource.go:266.50,270.45 4 1775
github.com/santhosh-tekuri/jsonschema/v5/resource.go:270.45,272.3 1 4
github.com/santhosh-tekuri/jsonschema/v5/resource.go:273.2,273.39 1 1771
github.com/santhosh-tekuri/jsonschema/v5/resource.go:273.39,275.3 1 1
github.com/santhosh-tekuri/jsonschema/v5/resource.go:276.2,276.17 1 1770
github.com/santhosh-tekuri/jsonschema/v5/schema.go:107.34,109.2 1 0
github.com/santhosh-tekuri/jsonschema/v5/schema.go:111.73,126.49 2 4829
github.com/santhosh-tekuri/jsonschema/v5/schema.go:126.49,127.44 1 4368
github.com/santhosh-tekuri/jsonschema/v5/schema.go:127.44,128.31 1 25
github.com/santhosh-tekuri/jsonschema/v5/schema.go:128.31,130.5 1 25
github.com/santhosh-tekuri/jsonschema/v5/schema.go:132.3,132.42 1 4368
github.com/santhosh-tekuri/jsonschema/v5/schema.go:132.42,133.33 1 57
github.com/santhosh-tekuri/jsonschema/v5/schema.go:133.33,135.5 1 57
github.com/santhosh-tekuri/jsonschema/v5/schema.go:138.2,138.10 1 4829
github.com/santhosh-tekuri/jsonschema/v5/schema.go:141.45,142.14 1 7721
github.com/santhosh-tekuri/jsonschema/v5/schema.go:142.14,144.3 1 1076
github.com/santhosh-tekuri/jsonschema/v5/schema.go:145.2,145.20 1 6645
github.com/santhosh-tekuri/jsonschema/v5/schema.go:145.20,147.3 1 0
github.com/santhosh-tekuri/jsonschema/v5/schema.go:148.2,148.30 1 6645
github.com/santhosh-tekuri/jsonschema/v5/schema.go:148.30,149.65 1 24636
github.com/santhosh-tekuri/jsonschema/v5/schema.go:149.65,151.4 1 3005
github.com/santhosh-tekuri/jsonschema/v5/schema.go:152.3,152.65 1 21631
github.com/santhosh-tekuri/jsonschema/v5/schema.go:152.65,154.4 1 3559
github.com/santhosh-tekuri/jsonschema/v5/schema.go:156.2,156.14 1 81
github.com/santhosh-tekuri/jsonschema/v5/schema.go:167.54,169.2 1 6662
github.com/santhosh-tekuri/jsonschema/v5/schema.go:171.89,172.15 1 8401
github.com/santhosh-tekuri/jsonschema/v5/schema.go:172.15,173.31 1 8401
github.com/santhosh-tekuri/jsonschema/v5/schema.go:173.31,174.25 1 2
github.com/santhosh-tekuri/jsonschema/v5/schema.go:175.49,176.20 1 2
github.com/santhosh-tekuri/jsonschema/v5/schema.go:177.12,178.13 1 0
github.com/santhosh-tekuri/jsonschema/v5/schema.go:182.2,182.64 1 8401
github.com/santhosh-tekuri/jsonschema/v5/schema.go:182.64,190.3 2 2782
github.com/santhosh-tekuri/jsonschema/v5/schema.go:191.2,191.12 1 5617
github.com/santhosh-tekuri/jsonschema/v5/schema.go:195.154,196.96 1 67323
github.com/santhosh-tekuri/jsonschema/v5/schema.go:196.96,203.3 1 6793
github.com/santhosh-tekuri/jsonschema/v5/schema.go:205.2,206.67 2 67323
github.com/santhosh-tekuri/jsonschema/v5/schema.go:206.67,207.13 1 1
github.com/santhosh-tekuri/jsonschema/v5/schema.go:209.2,213.23 3 67322
github.com/santhosh-tekuri/jsonschema/v5/schema.go:214.30,216.24 2 40415
github.com/santhosh-tekuri/jsonschema/v5/schema.go:216.24,218.4 1 69883
github.com/santhosh-tekuri/jsonschema/v5/schema.go:219.21,221.20 2 3774
github.com/santhosh-tekuri/jsonschema/v5/schema.go:221.20,223.4 1 6302
github.com/santhosh-tekuri/jsonschema/v5/schema.go:226.2,226.83 1 67322
github.com/santhosh-tekuri/jsonschema/v5/schema.go:226.83,228.18 2 12434
github.com/santhosh-tekuri/jsonschema/v5/schema.go:228.18,230.4 1 12414
github.com/santhosh-tekuri/jsonschema/v5/schema.go:231.3,232.13 2 12434
github.com/santhosh-tekuri/jsonschema/v5/schema.go:235.2,235.61 1 67322
github.com/santhosh-tekuri/jsonschema/v5/schema.go:235.61,237.17 2 46488
github.com/santhosh-tekuri/jsonschema/v5/schema.go:237.17,239.42 1 42920
github.com/santhosh-tekuri/jsonschema/v5/schema.go:239.42,240.44 1 40262
github.com/santhosh-tekuri/jsonschema/v5/schema.go:240.44,242.6 1 11402
github.com/santhosh-tekuri/jsonschema/v5/schema.go:244.4,244.38 1 42920
github.com/santhosh-tekuri/jsonschema/v5/schema.go:244.38,245.40 1 1696
github.com/santhosh-tekuri/jsonschema/v5/schema.go:245.40,247.6 1 1592
github.com/santhosh-tekuri/jsonschema/v5/schema.go:250.3,250.13 1 46469
github.com/santhosh-tekuri/jsonschema/v5/schema.go:253.2,253.21 1 67322
github.com/santhosh-tekuri/jsonschema/v5/schema.go:253.21,254.17 1 1075
github.com/santhosh-tekuri/jsonschema/v5/schema.go:254.17,256.4 1 325
github.com/santhosh-tekuri/jsonschema/v5/schema.go:257.3,257.21 1 750
github.com/santhosh-tekuri/jsonschema/v5/schema.go:260.2,260.22 1 66247
github.com/santhosh-tekuri/jsonschema/v5/schema.go:260.22,263.29 3 31092
github.com/santhosh-tekuri/jsonschema/v5/schema.go:263.29,264.18 1 34192
github.com/santhosh-tekuri/jsonschema/v5/schema.go:264.18,266.10 2 28037
github.com/santhosh-tekuri/jsonschema/v5/schema.go:267.10,267.50 1 6155
github.com/santhosh-tekuri/jsonschema/v5/schema.go:267.50,269.20 2 651
github.com/santhosh-tekuri/jsonschema/v5/schema.go:269.20,271.11 2 619
github.com/santhosh-tekuri/jsonschema/v5/schema.go:275.3,275.15 1 31091
github.com/santhosh-tekuri/jsonschema/v5/schema.go:275.15,277.4 1 2435
github.com/santhosh-tekuri/jsonschema/v5/schema.go:280.2,282.25 2 63811
github.com/santhosh-tekuri/jsonschema/v5/schema.go:282.25,283.32 1 583
github.com/santhosh-tekuri/jsonschema/v5/schema.go:283.32,284.35 1 267
github.com/santhosh-tekuri/jsonschema/v5/schema.go:285.27,286.70 1 58
github.com/santhosh-tekuri/jsonschema/v5/schema.go:287.12,288.90 1 209
github.com/santhosh-tekuri/jsonschema/v5/schema.go:293.2,293.21 1 63811
github.com/santhosh-tekuri/jsonschema/v5/schema.go:293.21,295.31 2 1452
github.com/santhosh-tekuri/jsonschema/v5/schema.go:295.31,296.23 1 6225
github.com/santhosh-tekuri/jsonschema/v5/schema.go:296.23,298.10 2 1311
github.com/santhosh-tekuri/jsonschema/v5/schema.go:301.3,301.15 1 1452
github.com/santhosh-tekuri/jsonschema/v5/schema.go:301.15,303.4 1 141
github.com/santhosh-tekuri/jsonschema/v5/schema.go:306.2,306.37 1 63811
github.com/santhosh-tekuri/jsonschema/v5/schema.go:306.37,308.30 2 615
github.com/santhosh-tekuri/jsonschema/v5/schema.go:308.30,310.4 1 614
github.com/santhosh-tekuri/jsonschema/v5/schema.go:311.3,311.97 1 615
github.com/santhosh-tekuri/jsonschema/v5/schema.go:314.2,314.23 1 63811
github.com/santhosh-tekuri/jsonschema/v5/schema.go:315.30,316.56 1 40111
github.com/santhosh-tekuri/jsonschema/v5/schema.go:316.56,318.4 1 16
github.com/santhosh-tekuri/jsonschema/v5/schema.go:319.3,319.56 1 40111
github.com/santhosh-tekuri/jsonschema/v5/schema.go:319.56,321.4 1 14
github.com/santhosh-tekuri/jsonschema/v5/schema.go:322.3,322.26 1 40111
github.com/santhosh-tekuri/jsonschema/v5/schema.go:322.26,324.37 2 974
github.com/santhosh-tekuri/jsonschema/v5/schema.go:324.37,325.31 1 1145
github.com/santhosh-tekuri/jsonschema/v5/schema.go:325.31,327.6 1 414
github.com/santhosh-tekuri/jsonschema/v5/schema.go:329.4,329.24 1 974
github.com/santhosh-tekuri/jsonschema/v5/schema.go:329.24,331.5 1 369
github.com/santhosh-tekuri/jsonschema/v5/schema.go:334.3,334.40 1 40111
github.com/santhosh-tekuri/jsonschema/v5/schema.go:334.40,335.34 1 202136
github.com/santhosh-tekuri/jsonschema/v5/schema.go:335.34,337.93 2 7553
github.com/santhosh-tekuri/jsonschema/v5/schema.go:337.93,339.6 1 426
github.com/santhosh-tekuri/jsonschema/v5/schema.go:343.3,343.29 1 40111
github.com/santhosh-tekuri/jsonschema/v5/schema.go:343.29,344.25 1 99
github.com/santhosh-tekuri/jsonschema/v5/schema.go:344.25,345.92 1 116
github.com/santhosh-tekuri/jsonschema/v5/schema.go:345.92,347.6 1 14
github.com/santhosh-tekuri/jsonschema/v5/schema.go:351.3,351.24 1 40111
github.com/santhosh-tekuri/jsonschema/v5/schema.go:351.24,352.25 1 24
github.com/santhosh-tekuri/jsonschema/v5/schema.go:352.25,353.40 1 29
github.com/santhosh-tekuri/jsonschema/v5/schema.go:353.40,355.6 1 1
github.com/santhosh-tekuri/jsonschema/v5/schema.go:358.3,358.49 1 40111
github.com/santhosh-tekuri/jsonschema/v5/schema.go:358.49,359.33 1 355
github.com/santhosh-tekuri/jsonschema/v5/schema.go:359.33,360.35 1 435
github.com/santhosh-tekuri/jsonschema/v5/schema.go:360.35,362.112 2 240
github.com/santhosh-tekuri/jsonschema/v5/schema.go:362.112,364.7 1 77
github.com/santhosh-tekuri/jsonschema/v5/schema.go:368.3,368.36 1 40111
github.com/santhosh-tekuri/jsonschema/v5/schema.go:368.36,369.56 1 1151
github.com/santhosh-tekuri/jsonschema/v5/schema.go:369.56,370.48 1 144
github.com/santhosh-tekuri/jsonschema/v5/schema.go:370.48,372.6 1 73
github.com/santhosh-tekuri/jsonschema/v5/schema.go:373.10,375.43 2 1007
github.com/santhosh-tekuri/jsonschema/v5/schema.go:375.43,376.36 1 1247
github.com/santhosh-tekuri/jsonschema/v5/schema.go:376.36,377.93 1 1247
github.com/santhosh-tekuri/jsonschema/v5/schema.go:377.93,379.8 1 66
github.com/santhosh-tekuri/jsonschema/v5/schema.go:383.4,383.28 1 1151
github.com/santhosh-tekuri/jsonschema/v5/schema.go:385.3,385.45 1 40111
github.com/santhosh-tekuri/jsonschema/v5/schema.go:385.45,386.29 1 1114
github.com/santhosh-tekuri/jsonschema/v5/schema.go:386.29,387.36 1 123
github.com/santhosh-tekuri/jsonschema/v5/schema.go:388.18,389.83 1 63
github.com/santhosh-tekuri/jsonschema/v5/schema.go:389.83,391.7 1 41
github.com/santhosh-tekuri/jsonschema/v5/schema.go:392.19,393.35 1 60
github.com/santhosh-tekuri/jsonschema/v5/schema.go:393.35,394.33 1 76
github.com/santhosh-tekuri/jsonschema/v5/schema.go:394.33,396.8 1 35
github.com/santhosh-tekuri/jsonschema/v5/schema.go:401.3,401.50 1 40110
github.com/santhosh-tekuri/jsonschema/v5/schema.go:401.50,402.29 1 42
github.com/santhosh-tekuri/jsonschema/v5/schema.go:402.29,403.34 1 24
github.com/santhosh-tekuri/jsonschema/v5/schema.go:403.34,404.32 1 30
github.com/santhosh-tekuri/jsonschema/v5/schema.go:404.32,406.7 1 15
github.com/santhosh-tekuri/jsonschema/v5/schema.go:410.3,410.46 1 40110
github.com/santhosh-tekuri/jsonschema/v5/schema.go:410.46,411.29 1 55
github.com/santhosh-tekuri/jsonschema/v5/schema.go:411.29,412.83 1 31
github.com/santhosh-tekuri/jsonschema/v5/schema.go:412.83,414.6 1 20
github.com/santhosh-tekuri/jsonschema/v5/schema.go:418.21,419.46 1 3571
github.com/santhosh-tekuri/jsonschema/v5/schema.go:419.46,421.4 1 19
github.com/santhosh-tekuri/jsonschema/v5/schema.go:422.3,422.46 1 3571
github.com/santhosh-tekuri/jsonschema/v5/schema.go:422.46,424.4 1 16
github.com/santhosh-tekuri/jsonschema/v5/schema.go:425.3,425.20 1 3571
github.com/santhosh-tekuri/jsonschema/v5/schema.go:425.20,426.20 1 475
github.com/santhosh-tekuri/jsonschema/v5/schema.go:426.20,428.33 1 475
github.com/santhosh-tekuri/jsonschema/v5/schema.go:428.33,429.29 1 417
github.com/santhosh-tekuri/jsonschema/v5/schema.go:429.29,430.29 1 633
github.com/santhosh-tekuri/jsonschema/v5/schema.go:430.29,432.20 2 85
github.com/santhosh-tekuri/jsonschema/v5/schema.go:436.10,440.28 3 0
github.com/santhosh-tekuri/jsonschema/v5/schema.go:440.28,444.20 4 0
github.com/santhosh-tekuri/jsonschema/v5/schema.go:444.20,445.17 1 0
github.com/santhosh-tekuri/jsonschema/v5/schema.go:447.6,448.12 2 0
github.com/santhosh-tekuri/jsonschema/v5/schema.go:448.12,449.29 1 0
github.com/santhosh-tekuri/jsonschema/v5/schema.go:449.29,450.30 1 0
github.com/santhosh-tekuri/jsonschema/v5/schema.go:450.30,452.21 2 0
github.com/santhosh-tekuri/jsonschema/v5/schema.go:456.6,457.16 2 0
github.com/santhosh-tekuri/jsonschema/v5/schema.go:463.3,463.34 1 3571
github.com/santhosh-tekuri/jsonschema/v5/schema.go:464.16,465.27 1 786
github.com/santhosh-tekuri/jsonschema/v5/schema.go:465.27,466.75 1 1255
github.com/santhosh-tekuri/jsonschema/v5/schema.go:466.75,468.6 1 130
github.com/santhosh-tekuri/jsonschema/v5/schema.go:470.4,470.28 1 786
github.com/santhosh-tekuri/jsonschema/v5/schema.go:471.18,472.27 1 339
github.com/santhosh-tekuri/jsonschema/v5/schema.go:472.27,473.23 1 752
github.com/santhosh-tekuri/jsonschema/v5/schema.go:473.23,475.96 2 614
github.com/santhosh-tekuri/jsonschema/v5/schema.go:475.96,477.7 1 37
github.com/santhosh-tekuri/jsonschema/v5/schema.go:478.11,478.58 1 138
github.com/santhosh-tekuri/jsonschema/v5/schema.go:478.58,480.84 2 40
github.com/santhosh-tekuri/jsonschema/v5/schema.go:480.84,482.7 1 12
github.com/santhosh-tekuri/jsonschema/v5/schema.go:483.11,484.11 1 98
github.com/santhosh-tekuri/jsonschema/v5/schema.go:487.4,487.59 1 339
github.com/santhosh-tekuri/jsonschema/v5/schema.go:487.59,488.24 1 151
github.com/santhosh-tekuri/jsonschema/v5/schema.go:488.24,490.6 1 3
github.com/santhosh-tekuri/jsonschema/v5/schema.go:490.11,490.35 1 148
github.com/santhosh-tekuri/jsonschema/v5/schema.go:490.35,492.6 1 20
github.com/santhosh-tekuri/jsonschema/v5/schema.go:497.3,497.26 1 3571
github.com/santhosh-tekuri/jsonschema/v5/schema.go:497.26,498.30 1 3592
github.com/santhosh-tekuri/jsonschema/v5/schema.go:498.30,500.109 2 222
github.com/santhosh-tekuri/jsonschema/v5/schema.go:500.109,502.6 1 15
github.com/santhosh-tekuri/jsonschema/v5/schema.go:503.10,503.33 1 3370
github.com/santhosh-tekuri/jsonschema/v5/schema.go:503.33,505.81 2 514
github.com/santhosh-tekuri/jsonschema/v5/schema.go:505.81,507.6 1 58
github.com/santhosh-tekuri/jsonschema/v5/schema.go:508.10,509.10 1 2856
github.com/santhosh-tekuri/jsonschema/v5/schema.go:514.3,514.72 1 3571
github.com/santhosh-tekuri/jsonschema/v5/schema.go:514.72,517.27 3 167
github.com/santhosh-tekuri/jsonschema/v5/schema.go:517.27,518.83 1 340
github.com/santhosh-tekuri/jsonschema/v5/schema.go:518.83,520.6 1 163
github.com/santhosh-tekuri/jsonschema/v5/schema.go:520.11,522.24 2 177
github.com/santhosh-tekuri/jsonschema/v5/schema.go:522.24,524.7 1 87
github.com/santhosh-tekuri/jsonschema/v5/schema.go:527.4,527.54 1 167
github.com/santhosh-tekuri/jsonschema/v5/schema.go:527.54,529.5 1 69
github.com/santhosh-tekuri/jsonschema/v5/schema.go:530.4,530.54 1 167
github.com/santhosh-tekuri/jsonschema/v5/schema.go:530.54,532.5 1 16
github.com/santhosh-tekuri/jsonschema/v5/schema.go:535.14,537.45 1 9788
github.com/santhosh-tekuri/jsonschema/v5/schema.go:537.45,539.49 2 143
github.com/santhosh-tekuri/jsonschema/v5/schema.go:539.49,541.5 1 23
github.com/santhosh-tekuri/jsonschema/v5/schema.go:542.4,542.49 1 143
github.com/santhosh-tekuri/jsonschema/v5/schema.go:542.49,544.5 1 35
github.com/santhosh-tekuri/jsonschema/v5/schema.go:547.3,547.52 1 9788
github.com/santhosh-tekuri/jsonschema/v5/schema.go:547.52,549.4 1 152
github.com/santhosh-tekuri/jsonschema/v5/schema.go:552.3,552.45 1 9788
github.com/santhosh-tekuri/jsonschema/v5/schema.go:552.45,555.24 3 22
github.com/santhosh-tekuri/jsonschema/v5/schema.go:555.24,557.19 2 18
github.com/santhosh-tekuri/jsonschema/v5/schema.go:557.19,559.6 1 5
github.com/santhosh-tekuri/jsonschema/v5/schema.go:559.11,561.6 1 13
github.com/santhosh-tekuri/jsonschema/v5/schema.go:563.4,563.37 1 22
github.com/santhosh-tekuri/jsonschema/v5/schema.go:563.37,564.25 1 15
github.com/santhosh-tekuri/jsonschema/v5/schema.go:564.25,566.6 1 4
github.com/santhosh-tekuri/jsonschema/v5/schema.go:567.5,567.48 1 15
github.com/santhosh-tekuri/jsonschema/v5/schema.go:567.48,569.6 1 5
github.com/santhosh-tekuri/jsonschema/v5/schema.go:571.4,571.41 1 22
github.com/santhosh-tekuri/jsonschema/v5/schema.go:571.41,573.19 2 6
github.com/santhosh-tekuri/jsonschema/v5/schema.go:573.19,575.6 1 1
github.com/santhosh-tekuri/jsonschema/v5/schema.go:575.11,577.20 2 5
github.com/santhosh-tekuri/jsonschema/v5/schema.go:577.20,579.7 1 2
github.com/santhosh-tekuri/jsonschema/v5/schema.go:584.91,587.26 2 3542
github.com/santhosh-tekuri/jsonschema/v5/schema.go:587.26,588.21 1 863
github.com/santhosh-tekuri/jsonschema/v5/schema.go:588.21,590.5 1 863
github.com/santhosh-tekuri/jsonschema/v5/schema.go:591.4,591.17 1 863
github.com/santhosh-tekuri/jsonschema/v5/schema.go:593.3,593.35 1 3542
github.com/santhosh-tekuri/jsonschema/v5/schema.go:593.35,596.4 2 305
github.com/santhosh-tekuri/jsonschema/v5/schema.go:597.3,597.51 1 3542
github.com/santhosh-tekuri/jsonschema/v5/schema.go:597.51,599.4 1 89
github.com/santhosh-tekuri/jsonschema/v5/schema.go:600.3,600.70 1 3542
github.com/santhosh-tekuri/jsonschema/v5/schema.go:600.70,602.4 1 15
github.com/santhosh-tekuri/jsonschema/v5/schema.go:603.3,603.51 1 3542
github.com/santhosh-tekuri/jsonschema/v5/schema.go:603.51,605.4 1 35
github.com/santhosh-tekuri/jsonschema/v5/schema.go:606.3,606.70 1 3542
github.com/santhosh-tekuri/jsonschema/v5/schema.go:606.70,608.4 1 32
github.com/santhosh-tekuri/jsonschema/v5/schema.go:609.3,609.26 1 3542
github.com/santhosh-tekuri/jsonschema/v5/schema.go:609.26,610.62 1 284
github.com/santhosh-tekuri/jsonschema/v5/schema.go:610.62,612.5 1 134
github.com/santhosh-tekuri/jsonschema/v5/schema.go:617.2,617.57 1 63809
github.com/santhosh-tekuri/jsonschema/v5/schema.go:617.57,618.17 1 65557
github.com/santhosh-tekuri/jsonschema/v5/schema.go:618.17,619.56 1 24264
github.com/santhosh-tekuri/jsonschema/v5/schema.go:619.56,621.29 2 929
github.com/santhosh-tekuri/jsonschema/v5/schema.go:621.29,623.6 1 680
github.com/santhosh-tekuri/jsonschema/v5/schema.go:624.5,624.88 1 929
github.com/santhosh-tekuri/jsonschema/v5/schema.go:627.3,627.13 1 64617
github.com/santhosh-tekuri/jsonschema/v5/schema.go:629.2,629.51 1 63809
github.com/santhosh-tekuri/jsonschema/v5/schema.go:629.51,631.3 1 824
github.com/santhosh-tekuri/jsonschema/v5/schema.go:632.2,632.27 1 63799
github.com/santhosh-tekuri/jsonschema/v5/schema.go:632.27,634.26 2 829
github.com/santhosh-tekuri/jsonschema/v5/schema.go:634.26,636.28 1 811
github.com/santhosh-tekuri/jsonschema/v5/schema.go:636.28,637.33 1 849
github.com/santhosh-tekuri/jsonschema/v5/schema.go:637.33,639.11 2 811
github.com/santhosh-tekuri/jsonschema/v5/schema.go:643.3,643.59 1 829
github.com/santhosh-tekuri/jsonschema/v5/schema.go:643.59,645.4 1 70
github.com/santhosh-tekuri/jsonschema/v5/schema.go:647.2,647.25 1 63799
github.com/santhosh-tekuri/jsonschema/v5/schema.go:647.25,649.74 2 919
github.com/santhosh-tekuri/jsonschema/v5/schema.go:649.74,651.41 1 905
github.com/santhosh-tekuri/jsonschema/v5/schema.go:651.41,653.19 2 5898
github.com/santhosh-tekuri/jsonschema/v5/schema.go:653.19,654.11 1 7
github.com/santhosh-tekuri/jsonschema/v5/schema.go:656.5,656.49 1 5891
github.com/santhosh-tekuri/jsonschema/v5/schema.go:656.49,657.78 1 2343
github.com/santhosh-tekuri/jsonschema/v5/schema.go:657.78,659.12 2 1265
github.com/santhosh-tekuri/jsonschema/v5/schema.go:664.3,664.57 1 919
github.com/santhosh-tekuri/jsonschema/v5/schema.go:664.57,666.4 1 35
github.com/santhosh-tekuri/jsonschema/v5/schema.go:669.2,669.58 1 63798
github.com/santhosh-tekuri/jsonschema/v5/schema.go:669.58,671.3 1 61
github.com/santhosh-tekuri/jsonschema/v5/schema.go:673.2,673.30 1 63797
github.com/santhosh-tekuri/jsonschema/v5/schema.go:673.30,675.55 2 17696
github.com/santhosh-tekuri/jsonschema/v5/schema.go:675.55,677.4 1 268
github.com/santhosh-tekuri/jsonschema/v5/schema.go:680.2,680.22 1 63796
github.com/santhosh-tekuri/jsonschema/v5/schema.go:680.22,683.31 3 1731
github.com/santhosh-tekuri/jsonschema/v5/schema.go:683.31,684.73 1 3401
github.com/santhosh-tekuri/jsonschema/v5/schema.go:684.73,686.5 1 1640
github.com/santhosh-tekuri/jsonschema/v5/schema.go:686.10,688.5 1 1760
github.com/santhosh-tekuri/jsonschema/v5/schema.go:690.3,690.15 1 1730
github.com/santhosh-tekuri/jsonschema/v5/schema.go:690.15,692.4 1 125
github.com/santhosh-tekuri/jsonschema/v5/schema.go:695.2,695.22 1 63795
github.com/santhosh-tekuri/jsonschema/v5/schema.go:695.22,698.31 3 331
github.com/santhosh-tekuri/jsonschema/v5/schema.go:698.31,699.73 1 679
github.com/santhosh-tekuri/jsonschema/v5/schema.go:699.73,700.22 1 290
github.com/santhosh-tekuri/jsonschema/v5/schema.go:700.22,702.6 1 226
github.com/santhosh-tekuri/jsonschema/v5/schema.go:702.11,704.11 2 64
github.com/santhosh-tekuri/jsonschema/v5/schema.go:706.10,708.5 1 388
github.com/santhosh-tekuri/jsonschema/v5/schema.go:710.3,710.20 1 330
github.com/santhosh-tekuri/jsonschema/v5/schema.go:710.20,712.4 1 104
github.com/santhosh-tekuri/jsonschema/v5/schema.go:716.2,716.17 1 63794
github.com/santhosh-tekuri/jsonschema/v5/schema.go:716.17,720.17 3 154
github.com/santhosh-tekuri/jsonschema/v5/schema.go:720.17,721.21 1 79
github.com/santhosh-tekuri/jsonschema/v5/schema.go:721.21,722.59 1 56
github.com/santhosh-tekuri/jsonschema/v5/schema.go:722.59,724.6 1 15
github.com/santhosh-tekuri/jsonschema/v5/schema.go:726.9,727.21 1 75
github.com/santhosh-tekuri/jsonschema/v5/schema.go:727.21,728.59 1 50
github.com/santhosh-tekuri/jsonschema/v5/schema.go:728.59,730.6 1 21
github.com/santhosh-tekuri/jsonschema/v5/schema.go:734.3,734.38 1 152
github.com/santhosh-tekuri/jsonschema/v5/schema.go:737.2,737.35 1 63792
github.com/santhosh-tekuri/jsonschema/v5/schema.go:737.35,738.123 1 3
github.com/santhosh-tekuri/jsonschema/v5/schema.go:738.123,740.4 1 1
github.com/santhosh-tekuri/jsonschema/v5/schema.go:744.2,744.23 1 63792
github.com/santhosh-tekuri/jsonschema/v5/schema.go:745.30,746.37 1 40092
github.com/santhosh-tekuri/jsonschema/v5/schema.go:746.37,747.42 1 312
github.com/santhosh-tekuri/jsonschema/v5/schema.go:747.42,748.35 1 210
github.com/santhosh-tekuri/jsonschema/v5/schema.go:748.35,749.110 1 210
github.com/santhosh-tekuri/jsonschema/v5/schema.go:749.110,751.7 1 126
github.com/santhosh-tekuri/jsonschema/v5/schema.go:754.4,754.28 1 312
github.com/santhosh-tekuri/jsonschema/v5/schema.go:756.21,757.32 1 3571
github.com/santhosh-tekuri/jsonschema/v5/schema.go:757.32,758.38 1 105
github.com/santhosh-tekuri/jsonschema/v5/schema.go:758.38,759.99 1 78
github.com/santhosh-tekuri/jsonschema/v5/schema.go:759.99,761.6 1 49
github.com/santhosh-tekuri/jsonschema/v5/schema.go:763.4,763.28 1 105
github.com/santhosh-tekuri/jsonschema/v5/schema.go:767.2,767.21 1 63792
github.com/santhosh-tekuri/jsonschema/v5/schema.go:768.9,769.21 1 59046
github.com/santhosh-tekuri/jsonschema/v5/schema.go:770.9,771.27 1 4598
github.com/santhosh-tekuri/jsonschema/v5/schema.go:772.10,773.56 1 148
github.com/santhosh-tekuri/jsonschema/v5/schema.go:782.50,784.36 2 73
github.com/santhosh-tekuri/jsonschema/v5/schema.go:784.36,786.3 1 73
github.com/santhosh-tekuri/jsonschema/v5/schema.go:787.2,787.35 1 73
github.com/santhosh-tekuri/jsonschema/v5/schema.go:793.37,794.18 1 46869
github.com/santhosh-tekuri/jsonschema/v5/schema.go:795.11,796.16 1 252
github.com/santhosh-tekuri/jsonschema/v5/schema.go:797.12,798.19 1 3928
github.com/santhosh-tekuri/jsonschema/v5/schema.go:799.91,800.18 1 2496
github.com/santhosh-tekuri/jsonschema/v5/schema.go:801.14,802.18 1 17583
github.com/santhosh-tekuri/jsonschema/v5/schema.go:803.21,804.17 1 1850
github.com/santhosh-tekuri/jsonschema/v5/schema.go:805.30,806.18 1 20759
github.com/santhosh-tekuri/jsonschema/v5/schema.go:808.2,808.51 1 1
github.com/santhosh-tekuri/jsonschema/v5/schema.go:812.38,814.28 2 7672
github.com/santhosh-tekuri/jsonschema/v5/schema.go:814.28,816.3 1 793
github.com/santhosh-tekuri/jsonschema/v5/schema.go:817.2,817.16 1 6879
github.com/santhosh-tekuri/jsonschema/v5/schema.go:818.15,820.29 2 91
github.com/santhosh-tekuri/jsonschema/v5/schema.go:820.29,822.4 1 4
github.com/santhosh-tekuri/jsonschema/v5/schema.go:823.3,823.23 1 87
github.com/santhosh-tekuri/jsonschema/v5/schema.go:823.23,824.33 1 82
github.com/santhosh-tekuri/jsonschema/v5/schema.go:824.33,826.5 1 60
github.com/santhosh-tekuri/jsonschema/v5/schema.go:828.3,828.14 1 27
github.com/santhosh-tekuri/jsonschema/v5/schema.go:829.16,831.29 2 144
github.com/santhosh-tekuri/jsonschema/v5/schema.go:831.29,833.4 1 11
github.com/santhosh-tekuri/jsonschema/v5/schema.go:834.3,834.27 1 133
github.com/santhosh-tekuri/jsonschema/v5/schema.go:834.27,835.29 1 153
github.com/santhosh-tekuri/jsonschema/v5/schema.go:835.29,836.24 1 149
github.com/santhosh-tekuri/jsonschema/v5/schema.go:836.24,838.6 1 57
github.com/santhosh-tekuri/jsonschema/v5/schema.go:839.10,841.5 1 4
github.com/santhosh-tekuri/jsonschema/v5/schema.go:843.3,843.14 1 72
github.com/santhosh-tekuri/jsonschema/v5/schema.go:844.16,847.29 3 312
github.com/santhosh-tekuri/jsonschema/v5/schema.go:848.10,849.18 1 6332
github.com/santhosh-tekuri/jsonschema/v5/schema.go:853.43,854.23 1 0
github.com/santhosh-tekuri/jsonschema/v5/schema.go:855.11,856.17 1 0
github.com/santhosh-tekuri/jsonschema/v5/schema.go:857.12,859.8 2 0
github.com/santhosh-tekuri/jsonschema/v5/schema.go:859.8,861.4 1 0
github.com/santhosh-tekuri/jsonschema/v5/schema.go:861.9,863.4 1 0
github.com/santhosh-tekuri/jsonschema/v5/schema.go:864.91,868.31 4 0
github.com/santhosh-tekuri/jsonschema/v5/schema.go:869.14,871.19 2 0
github.com/santhosh-tekuri/jsonschema/v5/schema.go:872.21,874.26 2 0
github.com/santhosh-tekuri/jsonschema/v5/schema.go:874.26,876.4 1 0
github.com/santhosh-tekuri/jsonschema/v5/schema.go:877.30,880.23 3 0
github.com/santhosh-tekuri/jsonschema/v5/schema.go:880.23,882.4 1 0
github.com/santhosh-tekuri/jsonschema/v5/schema.go:883.3,883.41 1 0
github.com/santhosh-tekuri/jsonschema/v5/schema.go:883.41,885.4 1 0
github.com/santhosh-tekuri/jsonschema/v5/schema.go:886.3,886.30 1 0
github.com/santhosh-tekuri/jsonschema/v5/schema.go:886.30,889.4 2 0
github.com/santhosh-tekuri/jsonschema/v5/schema.go:890.10,891.52 1 0
github.com/santhosh-tekuri/jsonschema/v5/schema.go:896.34,900.2 3 21386
